[    0.000000] Linux version 4.15.0-210-generic (buildd@lcy02-amd64-056) (gcc version 7.5.0 (Ubuntu 7.5.0-3ubuntu1~18.04)) #221-Ubuntu SMP Tue Apr 18 08:32:52 UTC 2023 (Ubuntu 4.15.0-210.221-generic 4.15.18)
[    0.000000] Command line: BOOT_IMAGE=/boot/vmlinuz-4.15.0-210-generic root=LABEL=cloudimg-rootfs ro console=tty1 console=ttyS0
[    0.000000] KERNEL supported cpus:
[    0.000000]   Intel GenuineIntel
[    0.000000]   AMD AuthenticAMD
[    0.000000]   Centaur CentaurHauls
[    0.000000] x86/fpu: Supporting XSAVE feature 0x001: 'x87 floating point registers'
[    0.000000] x86/fpu: Supporting XSAVE feature 0x002: 'SSE registers'
[    0.000000] x86/fpu: Supporting XSAVE feature 0x004: 'AVX registers'
[    0.000000] x86/fpu: xstate_offset[2]:  576, xstate_sizes[2]:  256
[    0.000000] x86/fpu: Enabled xstate features 0x7, context size is 832 bytes, using 'standard' format.
[    0.000000] e820: BIOS-provided physical RAM map:
[    0.000000] BIOS-e820: [mem 0x0000000000000000-0x000000000009fbff] usable
[    0.000000] BIOS-e820: [mem 0x000000000009fc00-0x000000000009ffff] reserved
[    0.000000] BIOS-e820: [mem 0x00000000000f0000-0x00000000000fffff] reserved
[    0.000000] BIOS-e820: [mem 0x0000000000100000-0x000000003ffeffff] usable
[    0.000000] BIOS-e820: [mem 0x000000003fff0000-0x000000003fffffff] ACPI data
[    0.000000] BIOS-e820: [mem 0x00000000fec00000-0x00000000fec00fff] reserved
[    0.000000] BIOS-e820: [mem 0x00000000fee00000-0x00000000fee00fff] reserved
[    0.000000] BIOS-e820: [mem 0x00000000fffc0000-0x00000000ffffffff] reserved
[    0.000000] NX (Execute Disable) protection: active
[    0.000000] SMBIOS 2.5 present.
[    0.000000] DMI: innotek GmbH VirtualBox/VirtualBox, BIOS VirtualBox 12/01/2006
[    0.000000] Hypervisor detected: KVM
[    0.000000] e820: last_pfn = 0x3fff0 max_arch_pfn = 0x400000000
[    0.000000] MTRR: Disabled
[    0.000000] x86/PAT: MTRRs disabled, skipping PAT initialization too.
[    0.000000] CPU MTRRs all blank - virtualized system.
[    0.000000] x86/PAT: Configuration [0-7]: WB  WT  UC- UC  WB  WT  UC- UC  
[    0.000000] found SMP MP-table at [mem 0x0009fff0-0x0009ffff]
[    0.000000] Scanning 1 areas for low memory corruption
[    0.000000] RAMDISK: [mem 0x3580d000-0x36bfdfff]
[    0.000000] ACPI: Early table checksum verification disabled
[    0.000000] ACPI: RSDP 0x00000000000E0000 000024 (v02 VBOX  )
[    0.000000] ACPI: XSDT 0x000000003FFF0030 00003C (v01 VBOX   VBOXXSDT 00000001 ASL  00000061)
[    0.000000] ACPI: FACP 0x000000003FFF00F0 0000F4 (v04 VBOX   VBOXFACP 00000001 ASL  00000061)
[    0.000000] ACPI: DSDT 0x000000003FFF0610 002353 (v02 VBOX   VBOXBIOS 00000002 INTL 20200925)
[    0.000000] ACPI: FACS 0x000000003FFF0200 000040
[    0.000000] ACPI: FACS 0x000000003FFF0200 000040
[    0.000000] ACPI: APIC 0x000000003FFF0240 00005C (v02 VBOX   VBOXAPIC 00000001 ASL  00000061)
[    0.000000] ACPI: SSDT 0x000000003FFF02A0 00036C (v01 VBOX   VBOXCPUT 00000002 INTL 20200925)
[    0.000000] ACPI: Reserving FACP table memory at [mem 0x3fff00f0-0x3fff01e3]
[    0.000000] ACPI: Reserving DSDT table memory at [mem 0x3fff0610-0x3fff2962]
[    0.000000] ACPI: Reserving FACS table memory at [mem 0x3fff0200-0x3fff023f]
[    0.000000] ACPI: Reserving FACS table memory at [mem 0x3fff0200-0x3fff023f]
[    0.000000] ACPI: Reserving APIC table memory at [mem 0x3fff0240-0x3fff029b]
[    0.000000] ACPI: Reserving SSDT table memory at [mem 0x3fff02a0-0x3fff060b]
[    0.000000] No NUMA configuration found
[    0.000000] Faking a node at [mem 0x0000000000000000-0x000000003ffeffff]
[    0.000000] NODE_DATA(0) allocated [mem 0x3ffc5000-0x3ffeffff]
[    0.000000] kvm-clock: cpu 0, msr 0:3ff44001, primary cpu clock
[    0.000000] kvm-clock: Using msrs 4b564d01 and 4b564d00
[    0.000000] kvm-clock: using sched offset of 2964340879 cycles
[    0.000000] clocksource: kvm-clock: mask: 0xffffffffffffffff max_cycles: 0x1cd42e4dffb, max_idle_ns: 881590591483 ns
[    0.000000] Zone ranges:
[    0.000000]   DMA      [mem 0x0000000000001000-0x0000000000ffffff]
[    0.000000]   DMA32    [mem 0x0000000001000000-0x000000003ffeffff]
[    0.000000]   Normal   empty
[    0.000000]   Device   empty
[    0.000000] Movable zone start for each node
[    0.000000] Early memory node ranges
[    0.000000]   node   0: [mem 0x0000000000001000-0x000000000009efff]
[    0.000000]   node   0: [mem 0x0000000000100000-0x000000003ffeffff]
[    0.000000] Reserved but unavailable: 104 pages
[    0.000000] Initmem setup node 0 [mem 0x0000000000001000-0x000000003ffeffff]
[    0.000000] ACPI: PM-Timer IO Port: 0x4008
[    0.000000] IOAPIC[0]: apic_id 2, version 32, address 0xfec00000, GSI 0-23
[    0.000000] ACPI: INT_SRC_OVR (bus 0 bus_irq 0 global_irq 2 dfl dfl)
[    0.000000] ACPI: INT_SRC_OVR (bus 0 bus_irq 9 global_irq 9 low level)
[    0.000000] Using ACPI (MADT) for SMP configuration information
[    0.000000] smpboot: Allowing 2 CPUs, 0 hotplug CPUs
[    0.000000] PM: Registered nosave memory: [mem 0x00000000-0x00000fff]
[    0.000000] PM: Registered nosave memory: [mem 0x0009f000-0x0009ffff]
[    0.000000] PM: Registered nosave memory: [mem 0x000a0000-0x000effff]
[    0.000000] PM: Registered nosave memory: [mem 0x000f0000-0x000fffff]
[    0.000000] e820: [mem 0x40000000-0xfebfffff] available for PCI devices
[    0.000000] Booting paravirtualized kernel on KVM
[    0.000000] clocksource: refined-jiffies: mask: 0xffffffff max_cycles: 0xffffffff, max_idle_ns: 7645519600211568 ns
[    0.000000] setup_percpu: NR_CPUS:8192 nr_cpumask_bits:2 nr_cpu_ids:2 nr_node_ids:1
[    0.000000] percpu: Embedded 50 pages/cpu s167936 r8192 d28672 u1048576
[    0.000000] PV qspinlock hash table entries: 256 (order: 0, 4096 bytes)
[    0.000000] Built 1 zonelists, mobility grouping on.  Total pages: 257913
[    0.000000] Policy zone: DMA32
[    0.000000] Kernel command line: BOOT_IMAGE=/boot/vmlinuz-4.15.0-210-generic root=LABEL=cloudimg-rootfs ro console=tty1 console=ttyS0
[    0.000000] Memory: 981752K/1048120K available (12300K kernel code, 2477K rwdata, 4324K rodata, 2480K init, 2720K bss, 66368K reserved, 0K cma-reserved)
[    0.000000] SLUB: HWalign=64, Order=0-3, MinObjects=0, CPUs=2, Nodes=1
[    0.000000] Kernel/User page tables isolation: enabled
[    0.000000] ftrace: allocating 39506 entries in 155 pages
[    0.004000] Hierarchical RCU implementation.
[    0.004000] 	RCU restricting CPUs from NR_CPUS=8192 to nr_cpu_ids=2.
[    0.004000] 	Tasks RCU enabled.
[    0.004000] RCU: Adjusting geometry for rcu_fanout_leaf=16, nr_cpu_ids=2
[    0.004000] NR_IRQS: 524544, nr_irqs: 440, preallocated irqs: 16
[    0.004000] random: crng init done
[    0.004000] Console: colour VGA+ 80x25
[    0.004000] console [tty1] enabled
[    0.004000] console [ttyS0] enabled
[    0.004000] ACPI: Core revision 20170831
[    0.004000] ACPI: 2 ACPI AML tables successfully acquired and loaded
[    0.004000] APIC: Switch to symmetric I/O mode setup
[    0.004000] x2apic enabled
[    0.004000] Switched APIC routing to physical x2apic.
[    0.004000] ..TIMER: vector=0x30 apic1=0 pin1=2 apic2=-1 pin2=-1
[    0.004000] tsc: Detected 2999.998 MHz processor
[    0.004000] Calibrating delay loop (skipped) preset value.. 5999.99 BogoMIPS (lpj=11999992)
[    0.004000] pid_max: default: 32768 minimum: 301
[    0.004000] Security Framework initialized
[    0.004000] Yama: becoming mindful.
[    0.004000] AppArmor: AppArmor initialized
[    0.004000] Dentry cache hash table entries: 131072 (order: 8, 1048576 bytes)
[    0.004000] Inode-cache hash table entries: 65536 (order: 7, 524288 bytes)
[    0.004000] Mount-cache hash table entries: 2048 (order: 2, 16384 bytes)
[    0.004000] Mountpoint-cache hash table entries: 2048 (order: 2, 16384 bytes)
[    0.004000] Last level iTLB entries: 4KB 128, 2MB 8, 4MB 8
[    0.004000] Last level dTLB entries: 4KB 64, 2MB 0, 4MB 0, 1GB 4
[    0.004000] Spectre V1 : Mitigation: usercopy/swapgs barriers and __user pointer sanitization
[    0.004000] Spectre V2 : Mitigation: Retpolines
[    0.004000] Spectre V2 : Spectre v2 / SpectreRSB mitigation: Filling RSB on context switch
[    0.004000] Spectre V2 : Spectre v2 / SpectreRSB : Filling RSB on VMEXIT
[    0.004000] RETBleed: WARNING: Spectre v2 mitigation leaves CPU vulnerable to RETBleed attacks, data leaks possible!
[    0.004000] RETBleed: Vulnerable
[    0.004000] Speculative Store Bypass: Vulnerable
[    0.004000] MDS: Mitigation: Clear CPU buffers
[    0.004000] MMIO Stale Data: Mitigation: Clear CPU buffers
[    0.004000] SRBDS: Unknown: Dependent on hypervisor status
[    0.004000] Freeing SMP alternatives memory: 36K
[    0.125468] APIC calibration not consistent with PM-Timer: 109ms instead of 100ms
[    0.126670] APIC delta adjusted to PM-Timer: 6478127 (7091873)
[    0.127638] smpboot: CPU0: Intel(R) Core(TM) i5-9500 CPU @ 3.00GHz (family: 0x6, model: 0x9e, stepping: 0xa)
[    0.128000] Performance Events: unsupported p6 CPU model 158 no PMU driver, software events only.
[    0.128000] Hierarchical SRCU implementation.
[    0.128000] NMI watchdog: Perf event create on CPU 0 failed with -2
[    0.128001] NMI watchdog: Perf NMI watchdog permanently disabled
[    0.128998] smp: Bringing up secondary CPUs ...
[    0.129908] x86: Booting SMP configuration:
[    0.130595] .... node  #0, CPUs:      #1
[    0.004000] kvm-clock: cpu 1, msr 0:3ff44041, secondary cpu clock
[    0.134639] smp: Brought up 1 node, 2 CPUs
[    0.134639] smpboot: Max logical packages: 1
[    0.136004] smpboot: Total of 2 processors activated (11999.99 BogoMIPS)
[    0.137220] devtmpfs: initialized
[    0.137220] x86/mm: Memory block size: 128MB
[    0.137452] evm: security.selinux
[    0.138006] evm: security.SMACK64
[    0.138594] evm: security.SMACK64EXEC
[    0.140002] evm: security.SMACK64TRANSMUTE
[    0.140699] evm: security.SMACK64MMAP
[    0.141343] evm: security.apparmor
[    0.141918] evm: security.ima
[    0.142454] evm: security.capability
[    0.143078] clocksource: jiffies: mask: 0xffffffff max_cycles: 0xffffffff, max_idle_ns: 7645041785100000 ns
[    0.144006] futex hash table entries: 512 (order: 3, 32768 bytes)
[    0.144987] pinctrl core: initialized pinctrl subsystem
[    0.146028] RTC time:  1:06:03, date: 05/13/23
[    0.146824] NET: Registered protocol family 16
[    0.148073] audit: initializing netlink subsys (disabled)
[    0.148953] audit: type=2000 audit(1683939967.881:1): state=initialized audit_enabled=0 res=1
[    0.149358] cpuidle: using governor ladder
[    0.149358] cpuidle: using governor menu
[    0.149374] ACPI: bus type PCI registered
[    0.152007] acpiphp: ACPI Hot Plug PCI Controller Driver version: 0.5
[    0.153125] PCI: Using configuration type 1 for base access
[    0.154001] HugeTLB registered 2.00 MiB page size, pre-allocated 0 pages
[    0.156052] ACPI: Added _OSI(Module Device)
[    0.156790] ACPI: Added _OSI(Processor Device)
[    0.157524] ACPI: Added _OSI(3.0 _SCP Extensions)
[    0.158297] ACPI: Added _OSI(Processor Aggregator Device)
[    0.159164] ACPI: Added _OSI(Linux-Dell-Video)
[    0.160005] ACPI: Added _OSI(Linux-Lenovo-NV-HDMI-Audio)
[    0.160881] ACPI: Added _OSI(Linux-HPI-Hybrid-Graphics)
[    0.161939] ACPI: Executed 1 blocks of module-level executable AML code
[    0.166860] ACPI: Interpreter enabled
[    0.167521] ACPI: (supports S0 S5)
[    0.168000] ACPI: Using IOAPIC for interrupt routing
[    0.168244] PCI: Using host bridge windows from ACPI; if necessary, use "pci=nocrs" and report a bug
[    0.169780] ACPI: Enabled 2 GPEs in block 00 to 07
[    0.175149] ACPI: PCI Root Bridge [PCI0] (domain 0000 [bus 00-ff])
[    0.176009] acpi PNP0A03:00: _OSC: OS supports [ASPM ClockPM Segments MSI]
[    0.177592] acpi PNP0A03:00: _OSC: not requesting OS control; OS requires [ExtendedConfig ASPM ClockPM MSI]
[    0.180018] acpi PNP0A03:00: fail to add MMCONFIG information, can't access extended PCI configuration space under this bridge.
[    0.184193] PCI host bridge to bus 0000:00
[    0.184918] pci_bus 0000:00: root bus resource [io  0x0000-0x0cf7 window]
[    0.185958] pci_bus 0000:00: root bus resource [io  0x0d00-0xffff window]
[    0.187062] pci_bus 0000:00: root bus resource [mem 0x000a0000-0x000bffff window]
[    0.188003] pci_bus 0000:00: root bus resource [mem 0x40000000-0xfdffffff window]
[    0.189237] pci_bus 0000:00: root bus resource [bus 00-ff]
[    0.191522] pci 0000:00:01.1: legacy IDE quirk: reg 0x10: [io  0x01f0-0x01f7]
[    0.192002] pci 0000:00:01.1: legacy IDE quirk: reg 0x14: [io  0x03f6]
[    0.192998] pci 0000:00:01.1: legacy IDE quirk: reg 0x18: [io  0x0170-0x0177]
[    0.194078] pci 0000:00:01.1: legacy IDE quirk: reg 0x1c: [io  0x0376]
[    0.205178] pci 0000:00:07.0: quirk: [io  0x4000-0x403f] claimed by PIIX4 ACPI
[    0.206391] pci 0000:00:07.0: quirk: [io  0x4100-0x410f] claimed by PIIX4 SMB
[    0.211464] ACPI: PCI Interrupt Link [LNKA] (IRQs 5 9 10 *11)
[    0.212318] ACPI: PCI Interrupt Link [LNKB] (IRQs 5 9 *10 11)
[    0.213303] ACPI: PCI Interrupt Link [LNKC] (IRQs 5 *9 10 11)
[    0.214299] ACPI: PCI Interrupt Link [LNKD] (IRQs 5 9 10 *11)
[    0.215462] SCSI subsystem initialized
[    0.216026] pci 0000:00:02.0: vgaarb: setting as boot VGA device
[    0.216992] pci 0000:00:02.0: vgaarb: VGA device added: decodes=io+mem,owns=io+mem,locks=none
[    0.218306] pci 0000:00:02.0: vgaarb: bridge control possible
[    0.219211] vgaarb: loaded
[    0.220011] ACPI: bus type USB registered
[    0.220726] usbcore: registered new interface driver usbfs
[    0.221611] usbcore: registered new interface driver hub
[    0.222473] usbcore: registered new device driver usb
[    0.223342] EDAC MC: Ver: 3.0.0
[    0.224041] PCI: Using ACPI for IRQ routing
[    0.224969] NetLabel: Initializing
[    0.225550] NetLabel:  domain hash size = 128
[    0.226231] NetLabel:  protocols = UNLABELED CIPSOv4 CALIPSO
[    0.227149] NetLabel:  unlabeled traffic allowed by default
[    0.228091] clocksource: Switched to clocksource kvm-clock
[    0.236775] VFS: Disk quotas dquot_6.6.0
[    0.237497] VFS: Dquot-cache hash table entries: 512 (order 0, 4096 bytes)
[    0.238579] AppArmor: AppArmor Filesystem Enabled
[    0.239337] pnp: PnP ACPI init
[    0.240904] pnp: PnP ACPI: found 3 devices
[    0.248788] clocksource: acpi_pm: mask: 0xffffff max_cycles: 0xffffff, max_idle_ns: 2085701024 ns
[    0.250450] NET: Registered protocol family 2
[    0.251194] IP idents hash table entries: 16384 (order: 5, 131072 bytes)
[    0.252449] TCP established hash table entries: 8192 (order: 4, 65536 bytes)
[    0.253586] TCP bind hash table entries: 8192 (order: 5, 131072 bytes)
[    0.254635] TCP: Hash tables configured (established 8192 bind 8192)
[    0.255601] UDP hash table entries: 512 (order: 2, 16384 bytes)
[    0.256506] UDP-Lite hash table entries: 512 (order: 2, 16384 bytes)
[    0.257505] NET: Registered protocol family 1
[    0.258244] pci 0000:00:00.0: Limiting direct PCI/PCI transfers
[    0.259175] pci 0000:00:01.0: Activating ISA DMA hang workarounds
[    0.260109] pci 0000:00:02.0: Video device with shadowed ROM at [mem 0x000c0000-0x000dffff]
[    0.260499] Unpacking initramfs...
[    0.260499] Freeing initrd memory: 20420K
[    0.260499] clocksource: tsc: mask: 0xffffffffffffffff max_cycles: 0x2b3e43c8763, max_idle_ns: 440795360101 ns
[    0.260499] platform rtc_cmos: registered platform RTC device (no PNP device found)
[    0.260499] Scanning for low memory corruption every 60 seconds
[    0.496737] Initialise system trusted keyrings
[    0.497506] Key type blacklist registered
[    0.498182] workingset: timestamp_bits=36 max_order=18 bucket_order=0
[    0.500017] zbud: loaded
[    0.500936] squashfs: version 4.0 (2009/01/31) Phillip Lougher
[    0.501965] fuse init (API version 7.26)
[    0.503918] Key type asymmetric registered
[    0.504622] Asymmetric key parser 'x509' registered
[    0.505422] Block layer SCSI generic (bsg) driver version 0.4 loaded (major 246)
[    0.506815] io scheduler noop registered
[    0.507494] io scheduler deadline registered
[    0.508208] io scheduler cfq registered (default)
[    0.509188] ACPI: AC Adapter [AC] (on-line)
[    0.509935] input: Power Button as /devices/LNXSYSTM:00/LNXPWRBN:00/input/input0
[    0.511179] ACPI: Power Button [PWRF]
[    0.511867] input: Sleep Button as /devices/LNXSYSTM:00/LNXSLPBN:00/input/input1
[    0.513041] ACPI: Sleep Button [SLPF]
[    0.514048] Serial: 8250/16550 driver, 32 ports, IRQ sharing enabled
[    0.535569] 00:02: ttyS0 at I/O 0x3f8 (irq = 4, base_baud = 115200) is a 16550A
[    0.538699] Linux agpgart interface v0.103
[    0.540864] loop: module loaded
[    0.541864] scsi host0: ata_piix
[    0.542581] scsi host1: ata_piix
[    0.543196] ata1: PATA max UDMA/33 cmd 0x1f0 ctl 0x3f6 bmdma 0xd000 irq 14
[    0.544247] ata2: PATA max UDMA/33 cmd 0x170 ctl 0x376 bmdma 0xd008 irq 15
[    0.545311] tun: Universal TUN/TAP device driver, 1.6
[    0.546161] PPP generic driver version 2.4.2
[    0.546983] ehci_hcd: USB 2.0 'Enhanced' Host Controller (EHCI) Driver
[    0.547940] ehci-pci: EHCI PCI platform driver
[    0.548691] ehci-platform: EHCI generic platform driver
[    0.549562] ohci_hcd: USB 1.1 'Open' Host Controller (OHCI) Driver
[    0.550559] ohci-pci: OHCI PCI platform driver
[    0.551253] ohci-platform: OHCI generic platform driver
[    0.552082] uhci_hcd: USB Universal Host Controller Interface driver
[    0.552677] i8042: PNP: PS/2 Controller [PNP0303:PS2K,PNP0f03:PS2M] at 0x60,0x64 irq 1,12
[    0.552677] serio: i8042 KBD port at 0x60,0x64 irq 1
[    0.555690] serio: i8042 AUX port at 0x60,0x64 irq 12
[    0.556642] mousedev: PS/2 mouse device common for all mice
[    0.558076] input: AT Translated Set 2 keyboard as /devices/platform/i8042/serio0/input/input2
[    0.559481] rtc_cmos rtc_cmos: rtc core: registered rtc_cmos as rtc0
[    0.560629] rtc_cmos rtc_cmos: alarms up to one day, 114 bytes nvram
[    0.561629] i2c /dev entries driver
[    0.562294] device-mapper: uevent: version 1.0.3
[    0.563191] device-mapper: ioctl: 4.37.0-ioctl (2017-09-20) initialised: dm-devel@redhat.com
[    0.564552] ledtrig-cpu: registered to indicate activity on CPUs
[    0.565962] NET: Registered protocol family 10
[    0.569530] Segment Routing with IPv6
[    0.570215] NET: Registered protocol family 17
[    0.570989] Key type dns_resolver registered
[    0.571897] mce: Using 0 MCE banks
[    0.572542] RAS: Correctable Errors collector initialized.
[    0.573430] sched_clock: Marking stable (572526103, 0)->(738272561, -165746458)
[    0.575048] registered taskstats version 1
[    0.575759] Loading compiled-in X.509 certificates
[    0.578273] Loaded X.509 cert 'Build time autogenerated kernel key: 53bf99db7da04c05fe17f7beec9ce15c83db2223'
[    0.580297] Loaded X.509 cert 'Canonical Ltd. Live Patch Signing: 14df34d1a87cf37625abec039ef2bf521249b969'
[    0.582226] Loaded X.509 cert 'Canonical Ltd. Kernel Module Signing: 88f752e560a1e0737e31163a466ad7b70a850c19'
[    0.583813] blacklist: Loading compiled-in revocation X.509 certificates
[    0.584850] Loaded X.509 cert 'Canonical Ltd. Secure Boot Signing: 61482aa2830d0ab2ad5af10b7250da9033ddcef0'
[    0.586353] Loaded X.509 cert 'Canonical Ltd. Secure Boot Signing (2017): 242ade75ac4a15e50d50c84b0d45ff3eae707a03'
[    0.587949] Loaded X.509 cert 'Canonical Ltd. Secure Boot Signing (ESM 2018): 365188c1d374d6b07c3c8f240f8ef722433d6a8b'
[    0.589603] Loaded X.509 cert 'Canonical Ltd. Secure Boot Signing (2019): c0746fd6c5da3ae827864651ad66ae47fe24b3e8'
[    0.591220] Loaded X.509 cert 'Canonical Ltd. Secure Boot Signing (2021 v1): a8d54bbb3825cfb94fa13c9f8a594a195c107b8d'
[    0.592870] Loaded X.509 cert 'Canonical Ltd. Secure Boot Signing (2021 v2): 4cf046892d6fd3c9a5b03f98d845f90851dc6a8c'
[    0.594507] Loaded X.509 cert 'Canonical Ltd. Secure Boot Signing (2021 v3): 100437bb6de6e469b581e61cd66bce3ef4ed53af'
[    0.596169] Loaded X.509 cert 'Canonical Ltd. Secure Boot Signing (Ubuntu Core 2019): c1d57b8f6b743f23ee41f4f7ee292f06eecadfb9'
[    0.597921] zswap: loaded using pool lzo/zbud
[    0.601661] Key type big_key registered
[    0.602364] Key type trusted registered
[    0.604646] Key type encrypted registered
[    0.605356] AppArmor: AppArmor sha1 policy hashing enabled
[    0.606225] ima: No TPM chip found, activating TPM-bypass! (rc=-19)
[    0.607217] ima: Allocated hash algorithm: sha1
[    0.607930] evm: HMAC attrs: 0x1
[    0.608666]   Magic number: 7:138:104
[    0.609362] rtc_cmos rtc_cmos: setting system clock to 2023-05-13 01:06:03 UTC (1683939963)
[    0.610809] BIOS EDD facility v0.16 2004-Jun-25, 0 devices found
[    0.611811] EDD information not available.
[    0.742457] Freeing unused kernel image memory: 2480K
[    0.857153] Write protecting the kernel read-only data: 20480k
[    0.863689] Freeing unused kernel image memory: 2008K
[    0.868559] Freeing unused kernel image memory: 1820K
[    0.897194] x86/mm: Checked W+X mappings: passed, no W+X pages found.
[    0.898943] x86/mm: Checking user space page tables
[    0.910591] x86/mm: Checked W+X mappings: passed, no W+X pages found.
Loading, please wait...
starting version 237
[    0.967573] e1000: Intel(R) PRO/1000 Network Driver - version 7.3.21-k8-NAPI
[    0.968695] e1000: Copyright (c) 1999-2006 Intel Corporation.
[    0.988473] Fusion MPT base driver 3.04.20
[    0.989203] Copyright (c) 1999-2008 LSI Corporation
[    0.992364] Fusion MPT SPI Host driver 3.04.20
[    1.001756] AVX2 version of gcm_enc/dec engaged.
[    1.002560] AES CTR mode by8 optimization enabled
[    1.003977] vboxvideo: loading out-of-tree module taints kernel.
[    1.004974] vboxvideo: module verification failed: signature and/or required key missing - tainting kernel
[    1.007025] vboxvideo: loading version 7.0.8 r156879
[    1.197334] input: ImExPS/2 Generic Explorer Mouse as /devices/platform/i8042/serio1/input/input4
[    1.349097] e1000 0000:00:03.0 eth0: (PCI:33MHz:32-bit) 02:3e:6f:b6:28:d7
[    1.350397] e1000 0000:00:03.0 eth0: Intel(R) PRO/1000 Network Connection
[    1.352193] mptbase: ioc0: Initiating bringup
[    1.352505] e1000 0000:00:03.0 enp0s3: renamed from eth0
[    1.873419] ioc0: LSI53C1030 A0: Capabilities={Initiator}
[    4.150609] scsi host2: ioc0: LSI53C1030 A0, FwRev=00000000h, Ports=1, MaxQ=256, IRQ=20
[    6.275123] scsi 2:0:0:0: Direct-Access     VBOX     HARDDISK         1.0  PQ: 0 ANSI: 5
[    6.281919] [drm] VRAM 01000000
[    6.285430] [TTM] Zone  kernel: Available graphics memory: 504258 kiB
[    6.290538] [TTM] Initializing pool allocator
[    6.294035] [TTM] Initializing DMA pool allocator
[    6.305484] fbcon: vboxdrmfb (fb0) is primary device
[    6.313881] Console: switching to colour frame buffer device 100x37
[    6.318258] scsi target2:0:0: Beginning Domain Validation
[    6.321758] vboxvideo 0000:00:02.0: fb0: vboxdrmfb frame buffer device
[    6.324738] scsi target2:0:0: Domain Validation skipping write tests
[    6.325901] scsi target2:0:0: Ending Domain Validation
[    6.326905] scsi target2:0:0: asynchronous
[    6.328132] scsi 2:0:1:0: Direct-Access     VBOX     HARDDISK         1.0  PQ: 0 ANSI: 5
[    6.340310] [drm] Initialized vboxvideo 1.0.0 20130823 for 0000:00:02.0 on minor 0
[    6.860794] scsi target2:0:1: Beginning Domain Validation
[    6.867687] scsi target2:0:1: Domain Validation skipping write tests
[    6.871236] scsi target2:0:1: Ending Domain Validation
[    6.873778] scsi target2:0:1: asynchronous
[    6.892778] sd 2:0:0:0: Attached scsi generic sg0 type 0
[    6.895584] sd 2:0:0:0: [sda] 83886080 512-byte logical blocks: (42.9 GB/40.0 GiB)
[    6.898801] sd 2:0:0:0: [sda] Write Protect is off
[    6.900847] sd 2:0:1:0: Attached scsi generic sg1 type 0
[    6.902795] sd 2:0:0:0: [sda] Incomplete mode parameter data
[    6.904495] sd 2:0:0:0: [sda] Assuming drive cache: write through
[    6.906411] sd 2:0:1:0: [sdb] 20480 512-byte logical blocks: (10.5 MB/10.0 MiB)
[    6.907641]  sda: sda1
[    6.909148] sd 2:0:1:0: [sdb] Write Protect is off
[    6.909542] sd 2:0:0:0: [sda] Attached SCSI disk
[    6.911440] sd 2:0:1:0: [sdb] Incomplete mode parameter data
[    6.912706] sd 2:0:1:0: [sdb] Assuming drive cache: write through
[    6.917789] sd 2:0:1:0: [sdb] Attached SCSI disk
Begin: Loading essential drivers ... [    7.112195] raid6: sse2x1   gen() 13583 MB/s
[    7.160190] raid6: sse2x1   xor()  9819 MB/s
[    7.208161] raid6: sse2x2   gen() 16947 MB/s
[    7.256189] raid6: sse2x2   xor() 11357 MB/s
[    7.304194] raid6: sse2x4   gen() 19054 MB/s
[    7.352192] raid6: sse2x4   xor() 11869 MB/s
[    7.400191] raid6: avx2x1   gen() 26886 MB/s
[    7.448188] raid6: avx2x1   xor() 18790 MB/s
[    7.496192] raid6: avx2x2   gen() 31126 MB/s
[    7.544186] raid6: avx2x2   xor() 20540 MB/s
[    7.592188] raid6: avx2x4   gen() 37594 MB/s
[    7.640162] raid6: avx2x4   xor() 23032 MB/s
[    7.640843] raid6: using algorithm avx2x4 gen() 37594 MB/s
[    7.641647] raid6: .... xor() 23032 MB/s, rmw enabled
[    7.642403] raid6: using avx2x2 recovery algorithm
[    7.644158] xor: automatically using best checksumming function   avx       
[    7.645989] async_tx: api initialized (async)
done.
Begin: Running /scripts/init-premount ... done.
Begin: Mounting root file system ... Begin: Running /scripts/local-top ... done.
Begin: Running /scripts/local-premount ... [    7.684014] Btrfs loaded, crc32c=crc32c-intel
Scanning for Btrfs filesystems
done.
Begin: Will now check root file system ... fsck from util-linux 2.31.1
[/sbin/fsck.ext4 (1) -- /dev/sda1] fsck.ext4 -a -C0 /dev/sda1 
cloudimg-rootfs: recovering journal
cloudimg-rootfs: clean, 96050/5120000 files, 1067553/10485499 blocks
done.
[    7.729171] EXT4-fs (sda1): mounted filesystem with ordered data mode. Opts: (null)
done.
Begin: Running /scripts/local-bottom ... done.
Begin: Running /scripts/init-bottom ... done.
[    7.939222] ip_tables: (C) 2000-2006 Netfilter Core Team
[    7.950759] systemd[1]: systemd 237 running in system mode. (+PAM +AUDIT +SELINUX +IMA +APPARMOR +SMACK +SYSVINIT +UTMP +LIBCRYPTSETUP +GCRYPT +GNUTLS +ACL +XZ +LZ4 +SECCOMP +BLKID +ELFUTILS +KMOD -IDN2 +IDN -PCRE2 default-hierarchy=hybrid)
[    7.956108] systemd[1]: Detected virtualization oracle.
[    7.957679] systemd[1]: Detected architecture x86-64.

Welcome to [1mUbuntu 18.04.6 LTS[0m!

[    7.965621] systemd[1]: Set hostname to <ubuntu-bionic>.
[    8.234444] systemd[1]: Reached target System Time Synchronized.
[[0;32m  OK  [0m] Reached target System Time Synchronized.
[    8.251794] systemd[1]: Reached target Swap.
[[0;32m  OK  [0m] Reached target Swap.
[    8.287236] systemd[1]: Created slice User and Session Slice.
[[0;32m  OK  [0m] Created slice User and Session Slice.
[    8.293436] systemd[1]: Reached target Mounting snaps.
[[0;32m  OK  [0m] Reached target Mounting snaps.
[    8.299274] systemd[1]: Set up automount Arbitrary Executable File Formats File System Automount Point.
[[0;32m  OK  [0m] Set up automount Arbitrary Executab…rmats File System Automount Point.
[    8.310089] systemd[1]: Created slice System Slice.
[[0;32m  OK  [0m] Created slice System Slice.
[[0;32m  OK  [0m] Listening on udev Kernel Socket.
[[0;32m  OK  [0m] Listening on Syslog Socket.
[[0;32m  OK  [0m] Reached target Mounted snaps.
[[0;32m  OK  [0m] Listening on Journal Socket.
         Starting Set the console keyboard layout...
         Mounting Kernel Debug File System...
         Mounting Huge Pages File System...
         Starting Uncomplicated firewall...
[[0;32m  OK  [0m] Listening on fsck to fsckd communication Socket.
         Starting Remount Root and Kernel File Systems...
[[0;32m  OK  [0m] Listening on Journal Socket (/dev/log).
         Starting Load Kernel Modules...
[[0;32m  OK  [0m] Listening on LVM2 metadata daemon socket.
         Starting Create list of required st…ce nodes for the current kernel...
[[0;32m  OK  [0m] Listening on Device-mapper event daemon FIFOs.
         Starting Monitoring of LVM2 mirrors…ng dmeventd or progress polling...
[[0;32m  OK  [0m] Listening on Journal Audit Socket.
         Starting Journal Service...
[[0;32m  OK  [0m] Started Forward Password Requests to Wall Directory Watch.
[[0;32m  OK  [0m] Reached target Slices.
         Mounting POSIX Message Queue File System...
[[0;32m  OK  [0m] Reached target User and Group Name Lookups.
[[0;32m  OK  [0m] Listening on Network Service Netlink Socket.
[[0;32m  OK  [0m] Listening on udev Control Socket.
         Starting udev Coldplug all Devices...
[[0;32m  OK  [0m] Created slice system-serial\x2dgetty.slice.
[[0;32m  OK  [0m] Listening on /dev/initctl Compatibility Named Pipe.
[[0;32m  OK  [0m] Listening on LVM2 poll daemon socket.
[[0;32m  OK  [0m] Mounted Kernel Debug File System.
[    8.374362] Loading iSCSI transport class v2.0-870.
[    8.379882] iscsi: registered transport (tcp)
[[0;32m  OK  [0m] Mounted Huge Pages File System.
[[0;32m  OK  [0m] Started Uncomplicated firewall.
[[0;32m  OK  [0m] Mounted POSIX Message Queue File System.
[[0;32m  OK  [0m] Started Create list of required sta…vice nodes for the current kernel.
         Starting Create Static Device Nodes in /dev...
[    8.420439] EXT4-fs (sda1): re-mounted. Opts: (null)
[[0;32m  OK  [0m] Started Remount Root and Kernel File Systems.
         Starting Load/Save Random Seed...
[    8.429960] iscsi: registered transport (iser)
[[0;32m  OK  [0m] Started Journal Service.
[[0;32m  OK  [0m] Started Load Kernel Modules.
[[0;32m  OK  [0m] Started udev Coldplug all Devices.
[[0;32m  OK  [0m] Started Create Static Device Nodes in /dev.
         Starting udev Kernel Device Manager...
         Starting Apply Kernel Variables...
         Mounting FUSE Control File System...
         Mounting Kernel Configuration File System...
         Starting Flush Journal to Persistent Storage...
[[0;32m  OK  [0m] Mounted FUSE Control File System.
[[0;32m  OK  [0m] Started LVM2 metadata daemon.
[[0;32m  OK  [0m] Started Load/Save Random Seed.
[[0;32m  OK  [0m] Mounted Kernel Configuration File System.
[[0;32m  OK  [0m] Started Apply Kernel Variables.
[[0;32m  OK  [0m] Started udev Kernel Device Manager.
[[0;32m  OK  [0m] Started Monitoring of LVM2 mirrors,…sing dmeventd or progress polling.
[[0;32m  OK  [0m] Started Set the console keyboard layout.
[[0;32m  OK  [0m] Reached target Local File Systems (Pre).
[[0;32m  OK  [0m] Reached target Local File Systems.
         Starting Tell Plymouth To Write Out Runtime Data...
         Starting Set console font and keymap...
         Starting AppArmor initialization...
         Starting ebtables ruleset management...
[[0;32m  OK  [0m] Started Dispatch Password Requests to Console Directory Watch.
[[0;32m  OK  [0m] Reached target Local Encrypted Volumes.
[[0;32m  OK  [0m] Started Tell Plymouth To Write Out Runtime Data.
[[0;32m  OK  [0m] Started Set console font and keymap.
[[0;32m  OK  [0m] Started Flush Journal to Persistent Storage.
         Starting Create Volatile Files and Directories...
[[0;32m  OK  [0m] Started Create Volatile Files and Directories.
         Starting Update UTMP about System Boot/Shutdown...
[[0;32m  OK  [0m] Started Update UTMP about System Boot/Shutdown.
[[0;32m  OK  [0m] Started ebtables ruleset management.
[[0;32m  OK  [0m] Found device /dev/ttyS0.
[[0;32m  OK  [0m] Listening on Load/Save RF Kill Switch Status /dev/rfkill Watch.
[[0;32m  OK  [0m] Started AppArmor initialization.
         Starting Load AppArmor profiles managed internally by snapd...
         Starting Initial cloud-init job (pre-networking)...
         Mounting Arbitrary Executable File Formats File System...
[[0;32m  OK  [0m] Mounted Arbitrary Executable File Formats File System.
[[0;32m  OK  [0m] Started Load AppArmor profiles managed internally by snapd.
[   10.208049] cloud-init[583]: Cloud-init v. 23.1.2-0ubuntu0~18.04.1 running 'init-local' at Sat, 13 May 2023 01:06:12 +0000. Up 9.96 seconds.
[[0;32m  OK  [0m] Started Initial cloud-init job (pre-networking).
[[0;32m  OK  [0m] Reached target Network (Pre).
         Starting Network Service...
[[0;32m  OK  [0m] Started Network Service.
         Starting Wait for Network to be Configured...
         Starting Network Name Resolution...
[[0;32m  OK  [0m] Started Network Name Resolution.
[[0;32m  OK  [0m] Reached target Host and Network Name Lookups.
[[0;32m  OK  [0m] Reached target Network.
[[0;32m  OK  [0m] Started Wait for Network to be Configured.
         Starting Initial cloud-init job (metadata service crawler)...
[   12.129829] cloud-init[706]: Cloud-init v. 23.1.2-0ubuntu0~18.04.1 running 'init' at Sat, 13 May 2023 01:06:14 +0000. Up 11.94 seconds.
[   12.130774] cloud-init[706]: ci-info: ++++++++++++++++++++++++++++++++++++++Net device info++++++++++++++++++++++++++++++++++++++
[   12.131741] cloud-init[706]: ci-info: +--------+------+----------------------------+---------------+--------+-------------------+
[   12.132676] cloud-init[706]: ci-info: | Device |  Up  |          Address           |      Mask     | Scope  |     Hw-Address    |
[   12.133517] cloud-init[706]: ci-info: +--------+------+----------------------------+---------------+--------+-------------------+
[   12.134260] cloud-init[706]: ci-info: | enp0s3 | True |         10.0.2.15          | 255.255.255.0 | global | 02:3e:6f:b6:28:d7 |
[   12.135184] cloud-init[706]: ci-info: | enp0s3 | True | fe80::3e:6fff:feb6:28d7/64 |       .       |  link  | 02:3e:6f:b6:28:d7 |
[   12.136134] cloud-init[706]: ci-info: |   lo   | True |         127.0.0.1          |   255.0.0.0   |  host  |         .         |
[   12.137038] cloud-init[706]: ci-info: |   lo   | True |          ::1/128           |       .       |  host  |         .         |
[   12.137941] cloud-init[706]: ci-info: +--------+------+----------------------------+---------------+--------+-------------------+
[   12.138840] cloud-init[706]: ci-info: ++++++++++++++++++++++++++++Route IPv4 info+++++++++++++++++++++++++++++
[   12.139611] cloud-init[706]: ci-info: +-------+-------------+----------+-----------------+-----------+-------+
[   12.140421] cloud-init[706]: ci-info: | Route | Destination | Gateway  |     Genmask     | Interface | Flags |
[   12.141261] cloud-init[706]: ci-info: +-------+-------------+----------+-----------------+-----------+-------+
[   12.142061] cloud-init[706]: ci-info: |   0   |   0.0.0.0   | 10.0.2.2 |     0.0.0.0     |   enp0s3  |   UG  |
[   12.142902] cloud-init[706]: ci-info: |   1   |   10.0.2.0  | 0.0.0.0  |  255.255.255.0  |   enp0s3  |   U   |
[   12.143716] cloud-init[706]: ci-info: |   2   |   10.0.2.2  | 0.0.0.0  | 255.255.255.255 |   enp0s3  |   UH  |
[   12.144429] cloud-init[706]: ci-info: +-------+-------------+----------+-----------------+-----------+-------+
[   12.145085] cloud-init[706]: ci-info: +++++++++++++++++++Route IPv6 info+++++++++++++++++++
[   12.145703] cloud-init[706]: ci-info: +-------+-------------+---------+-----------+-------+
[   12.146410] cloud-init[706]: ci-info: | Route | Destination | Gateway | Interface | Flags |
[   12.147088] cloud-init[706]: ci-info: +-------+-------------+---------+-----------+-------+
[   12.147788] cloud-init[706]: ci-info: |   1   |  fe80::/64  |    ::   |   enp0s3  |   U   |
[   12.148529] cloud-init[706]: ci-info: |   3   |    local    |    ::   |   enp0s3  |   U   |
[   12.149168] cloud-init[706]: ci-info: |   4   |   ff00::/8  |    ::   |   enp0s3  |   U   |
[   12.160362] cloud-init[706]: ci-info: +-------+-------------+---------+-----------+-------+
[[0;32m  OK  [0m] Started Initial cloud-init job (metadata service crawler).
[[0;32m  OK  [0m] Reached target Cloud-config availability.
[[0;32m  OK  [0m] Reached target Network is Online.
         Starting Availability of block devices...
[[0;32m  OK  [0m] Reached target Remote File Systems (Pre).
[[0;32m  OK  [0m] Reached target Remote File Systems.
[[0;32m  OK  [0m] Reached target System Initialization.
[[0;32m  OK  [0m] Started Message of the Day.
         Starting Docker Socket for the API.
         Starting LXD - unix socket.
[[0;32m  OK  [0m] Started Daily Cleanup of Temporary Directories.
[[0;32m  OK  [0m] Started Daily apt download activities.
[[0;32m  OK  [0m] Started ACPI Events Check.
[[0;32m  OK  [0m] Reached target Paths.
[[0;32m  OK  [0m] Started Discard unused blocks once a week.
[[0;32m  OK  [0m] Listening on cloud-init hotplug hook socket.
[[0;32m  OK  [0m] Listening on Open-iSCSI iscsid Socket.
[[0;32m  OK  [0m] Listening on UUID daemon activation socket.
[[0;32m  OK  [0m] Started Ubuntu Advantage Timer for running repeated jobs.
[[0;32m  OK  [0m] Listening on ACPID Listen Socket.
[[0;32m  OK  [0m] Listening on D-Bus System Message Bus Socket.
         Starting Socket activation for snappy daemon.
[[0;32m  OK  [0m] Started Daily apt upgrade and clean activities.
[[0;32m  OK  [0m] Reached target Timers.
[[0;32m  OK  [0m] Started Availability of block devices.
[[0;32m  OK  [0m] Listening on Docker Socket for the API.
[[0;32m  OK  [0m] Listening on LXD - unix socket.
[[0;32m  OK  [0m] Listening on Socket activation for snappy daemon.
[[0;32m  OK  [0m] Reached target Sockets.
[[0;32m  OK  [0m] Reached target Basic System.
         Starting vboxadd.service...
         Starting LXD - container startup/shutdown...
         Starting System Logging Service...
         Starting Message of the Day...
[[0;32m  OK  [0m] Started Regular background program processing daemon.
         Starting LSB: Record successful boot for GRUB...
[[0;32m  OK  [0m] Reached target Login Prompts (Pre).
         Starting Login Service...
         Starting Dispatcher daemon for systemd-networkd...
[[0;32m  OK  [0m] Started D-Bus System Message Bus.
[[0;32m  OK  [0m] Started Login Service.
[[0;32m  OK  [0m] Started Unattended Upgrades Shutdown.
         Starting Snap Daemon...
[[0;32m  OK  [0m] Started FUSE filesystem for LXC.
         Starting LSB: automatic crash report generation...
[[0;32m  OK  [0m] Started irqbalance daemon.
         Starting OpenBSD Secure Shell server...
         Starting containerd container runtime...
         Starting Permit User Sessions...
         Starting Accounts Service...
[[0;32m  OK  [0m] Started Deferred execution scheduler.
[[0;32m  OK  [0m] Started System Logging Service.
[[0;32m  OK  [0m] Started LXD - container startup/shutdown.
[[0;32m  OK  [0m] Started Permit User Sessions.
         Starting Terminate Plymouth Boot Screen...
         Starting Hold until boot process finishes up...
[[0;32m  OK  [0m] Started Hold until boot process finishes up.
         Starting Set console scheme...
[[0;32m  OK  [0m] Started Serial Getty on ttyS0.
[[0;32m  OK  [0m] Started Terminate Plymouth Boot Screen.
[[0;32m  OK  [0m] Started LSB: automatic crash report generation.
[[0;32m  OK  [0m] Started LSB: Record successful boot for GRUB.
[[0;32m  OK  [0m] Started Set console scheme.
[[0;32m  OK  [0m] Created slice system-getty.slice.
[[0;32m  OK  [0m] Started Getty on tty1.
[[0;32m  OK  [0m] Reached target Login Prompts.
[[0;32m  OK  [0m] Started OpenBSD Secure Shell server.
[[0;32m  OK  [0m] Started Dispatcher daemon for systemd-networkd.
         Starting Authorization Manager...
[[0;32m  OK  [0m] Started Authorization Manager.
[[0;32m  OK  [0m] Started Accounts Service.
[[0;32m  OK  [0m] Created slice User Slice of vagrant.
         Starting User Manager for UID 1000...
[[0;32m  OK  [0m] Started Session 1 of user vagrant.
[[0;32m  OK  [0m] Started User Manager for UID 1000.
[[0;32m  OK  [0m] Started Snap Daemon.
         Starting Wait until snapd is fully seeded...
         Starting Time & Date Service...
[[0;32m  OK  [0m] Started containerd container runtime.
         Starting Docker Application Container Engine...
[[0;32m  OK  [0m] Started Time & Date Service.
[[0;32m  OK  [0m] Started Wait until snapd is fully seeded.
         Starting Apply the settings specified in cloud-config...
[[0;32m  OK  [0m] Started Message of the Day.
[   14.962897] cloud-init[1391]: Cloud-init v. 23.1.2-0ubuntu0~18.04.1 running 'modules:config' at Sat, 13 May 2023 01:06:17 +0000. Up 14.78 seconds.
[[0;32m  OK  [0m] Started Apply the settings specified in cloud-config.
[[0;32m  OK  [0m] Started Docker Application Container Engine.

Ubuntu 18.04.6 LTS ubuntu-bionic ttyS0

ubuntu-bionic login: [  313.240153] cloud-init[10675]: Cloud-init v. 23.1.2-0ubuntu0~18.04.1 running 'modules:final' at Sat, 13 May 2023 01:11:15 +0000. Up 313.07 seconds.
[  313.241264] cloud-init[10675]: Cloud-init v. 23.1.2-0ubuntu0~18.04.1 finished at Sat, 13 May 2023 01:11:16 +0000. Datasource DataSourceNoCloud [seed=/dev/sdb][dsmode=net].  Up 313.23 seconds
