[    0.000000] Linux version 4.15.0-210-generic (buildd@lcy02-amd64-056) (gcc version 7.5.0 (Ubuntu 7.5.0-3ubuntu1~18.04)) #221-Ubuntu SMP Tue Apr 18 08:32:52 UTC 2023 (Ubuntu 4.15.0-210.221-generic 4.15.18)
[    0.000000] Command line: BOOT_IMAGE=/boot/vmlinuz-4.15.0-210-generic root=LABEL=cloudimg-rootfs ro console=tty1 console=ttyS0
[    0.000000] KERNEL supported cpus:
[    0.000000]   Intel GenuineIntel
[    0.000000]   AMD AuthenticAMD
[    0.000000]   Centaur CentaurHauls
[    0.000000] x86/fpu: Supporting XSAVE feature 0x001: 'x87 floating point registers'
[    0.000000] x86/fpu: Supporting XSAVE feature 0x002: 'SSE registers'
[    0.000000] x86/fpu: Supporting XSAVE feature 0x004: 'AVX registers'
[    0.000000] x86/fpu: xstate_offset[2]:  576, xstate_sizes[2]:  256
[    0.000000] x86/fpu: Enabled xstate features 0x7, context size is 832 bytes, using 'standard' format.
[    0.000000] e820: BIOS-provided physical RAM map:
[    0.000000] BIOS-e820: [mem 0x0000000000000000-0x000000000009fbff] usable
[    0.000000] BIOS-e820: [mem 0x000000000009fc00-0x000000000009ffff] reserved
[    0.000000] BIOS-e820: [mem 0x00000000000f0000-0x00000000000fffff] reserved
[    0.000000] BIOS-e820: [mem 0x0000000000100000-0x00000000dffeffff] usable
[    0.000000] BIOS-e820: [mem 0x00000000dfff0000-0x00000000dfffffff] ACPI data
[    0.000000] BIOS-e820: [mem 0x00000000fec00000-0x00000000fec00fff] reserved
[    0.000000] BIOS-e820: [mem 0x00000000fee00000-0x00000000fee00fff] reserved
[    0.000000] BIOS-e820: [mem 0x00000000fffc0000-0x00000000ffffffff] reserved
[    0.000000] BIOS-e820: [mem 0x0000000100000000-0x000000011fffffff] usable
[    0.000000] NX (Execute Disable) protection: active
[    0.000000] SMBIOS 2.5 present.
[    0.000000] DMI: innotek GmbH VirtualBox/VirtualBox, BIOS VirtualBox 12/01/2006
[    0.000000] Hypervisor detected: KVM
[    0.000000] e820: last_pfn = 0x120000 max_arch_pfn = 0x400000000
[    0.000000] MTRR: Disabled
[    0.000000] x86/PAT: MTRRs disabled, skipping PAT initialization too.
[    0.000000] CPU MTRRs all blank - virtualized system.
[    0.000000] x86/PAT: Configuration [0-7]: WB  WT  UC- UC  WB  WT  UC- UC  
[    0.000000] e820: last_pfn = 0xdfff0 max_arch_pfn = 0x400000000
[    0.000000] found SMP MP-table at [mem 0x0009fff0-0x0009ffff]
[    0.000000] Scanning 1 areas for low memory corruption
[    0.000000] RAMDISK: [mem 0x359c9000-0x36cdbfff]
[    0.000000] ACPI: Early table checksum verification disabled
[    0.000000] ACPI: RSDP 0x00000000000E0000 000024 (v02 VBOX  )
[    0.000000] ACPI: XSDT 0x00000000DFFF0030 00003C (v01 VBOX   VBOXXSDT 00000001 ASL  00000061)
[    0.000000] ACPI: FACP 0x00000000DFFF00F0 0000F4 (v04 VBOX   VBOXFACP 00000001 ASL  00000061)
[    0.000000] ACPI: DSDT 0x00000000DFFF0610 002353 (v02 VBOX   VBOXBIOS 00000002 INTL 20200925)
[    0.000000] ACPI: FACS 0x00000000DFFF0200 000040
[    0.000000] ACPI: FACS 0x00000000DFFF0200 000040
[    0.000000] ACPI: APIC 0x00000000DFFF0240 00005C (v02 VBOX   VBOXAPIC 00000001 ASL  00000061)
[    0.000000] ACPI: SSDT 0x00000000DFFF02A0 00036C (v01 VBOX   VBOXCPUT 00000002 INTL 20200925)
[    0.000000] ACPI: Reserving FACP table memory at [mem 0xdfff00f0-0xdfff01e3]
[    0.000000] ACPI: Reserving DSDT table memory at [mem 0xdfff0610-0xdfff2962]
[    0.000000] ACPI: Reserving FACS table memory at [mem 0xdfff0200-0xdfff023f]
[    0.000000] ACPI: Reserving FACS table memory at [mem 0xdfff0200-0xdfff023f]
[    0.000000] ACPI: Reserving APIC table memory at [mem 0xdfff0240-0xdfff029b]
[    0.000000] ACPI: Reserving SSDT table memory at [mem 0xdfff02a0-0xdfff060b]
[    0.000000] No NUMA configuration found
[    0.000000] Faking a node at [mem 0x0000000000000000-0x000000011fffffff]
[    0.000000] NODE_DATA(0) allocated [mem 0x11ffd1000-0x11fffbfff]
[    0.000000] kvm-clock: cpu 0, msr 1:1ff50001, primary cpu clock
[    0.000000] kvm-clock: Using msrs 4b564d01 and 4b564d00
[    0.000000] kvm-clock: using sched offset of 2947255147 cycles
[    0.000000] clocksource: kvm-clock: mask: 0xffffffffffffffff max_cycles: 0x1cd42e4dffb, max_idle_ns: 881590591483 ns
[    0.000000] Zone ranges:
[    0.000000]   DMA      [mem 0x0000000000001000-0x0000000000ffffff]
[    0.000000]   DMA32    [mem 0x0000000001000000-0x00000000ffffffff]
[    0.000000]   Normal   [mem 0x0000000100000000-0x000000011fffffff]
[    0.000000]   Device   empty
[    0.000000] Movable zone start for each node
[    0.000000] Early memory node ranges
[    0.000000]   node   0: [mem 0x0000000000001000-0x000000000009efff]
[    0.000000]   node   0: [mem 0x0000000000100000-0x00000000dffeffff]
[    0.000000]   node   0: [mem 0x0000000100000000-0x000000011fffffff]
[    0.000000] Reserved but unavailable: 104 pages
[    0.000000] Initmem setup node 0 [mem 0x0000000000001000-0x000000011fffffff]
[    0.000000] ACPI: PM-Timer IO Port: 0x4008
[    0.000000] IOAPIC[0]: apic_id 2, version 32, address 0xfec00000, GSI 0-23
[    0.000000] ACPI: INT_SRC_OVR (bus 0 bus_irq 0 global_irq 2 dfl dfl)
[    0.000000] ACPI: INT_SRC_OVR (bus 0 bus_irq 9 global_irq 9 low level)
[    0.000000] Using ACPI (MADT) for SMP configuration information
[    0.000000] smpboot: Allowing 2 CPUs, 0 hotplug CPUs
[    0.000000] PM: Registered nosave memory: [mem 0x00000000-0x00000fff]
[    0.000000] PM: Registered nosave memory: [mem 0x0009f000-0x0009ffff]
[    0.000000] PM: Registered nosave memory: [mem 0x000a0000-0x000effff]
[    0.000000] PM: Registered nosave memory: [mem 0x000f0000-0x000fffff]
[    0.000000] PM: Registered nosave memory: [mem 0xdfff0000-0xdfffffff]
[    0.000000] PM: Registered nosave memory: [mem 0xe0000000-0xfebfffff]
[    0.000000] PM: Registered nosave memory: [mem 0xfec00000-0xfec00fff]
[    0.000000] PM: Registered nosave memory: [mem 0xfec01000-0xfedfffff]
[    0.000000] PM: Registered nosave memory: [mem 0xfee00000-0xfee00fff]
[    0.000000] PM: Registered nosave memory: [mem 0xfee01000-0xfffbffff]
[    0.000000] PM: Registered nosave memory: [mem 0xfffc0000-0xffffffff]
[    0.000000] e820: [mem 0xe0000000-0xfebfffff] available for PCI devices
[    0.000000] Booting paravirtualized kernel on KVM
[    0.000000] clocksource: refined-jiffies: mask: 0xffffffff max_cycles: 0xffffffff, max_idle_ns: 7645519600211568 ns
[    0.000000] setup_percpu: NR_CPUS:8192 nr_cpumask_bits:2 nr_cpu_ids:2 nr_node_ids:1
[    0.000000] percpu: Embedded 50 pages/cpu s167936 r8192 d28672 u1048576
[    0.000000] PV qspinlock hash table entries: 256 (order: 0, 4096 bytes)
[    0.000000] Built 1 zonelists, mobility grouping on.  Total pages: 1032057
[    0.000000] Policy zone: Normal
[    0.000000] Kernel command line: BOOT_IMAGE=/boot/vmlinuz-4.15.0-210-generic root=LABEL=cloudimg-rootfs ro console=tty1 console=ttyS0
[    0.000000] Memory: 4013248K/4193848K available (12300K kernel code, 2477K rwdata, 4324K rodata, 2480K init, 2720K bss, 180600K reserved, 0K cma-reserved)
[    0.000000] SLUB: HWalign=64, Order=0-3, MinObjects=0, CPUs=2, Nodes=1
[    0.000000] Kernel/User page tables isolation: enabled
[    0.000000] ftrace: allocating 39506 entries in 155 pages
[    0.004000] Hierarchical RCU implementation.
[    0.004000] 	RCU restricting CPUs from NR_CPUS=8192 to nr_cpu_ids=2.
[    0.004000] 	Tasks RCU enabled.
[    0.004000] RCU: Adjusting geometry for rcu_fanout_leaf=16, nr_cpu_ids=2
[    0.004000] NR_IRQS: 524544, nr_irqs: 440, preallocated irqs: 16
[    0.004000] random: crng init done
[    0.004000] Console: colour VGA+ 80x25
[    0.004000] console [tty1] enabled
[    0.004000] console [ttyS0] enabled
[    0.004000] ACPI: Core revision 20170831
[    0.004000] ACPI: 2 ACPI AML tables successfully acquired and loaded
[    0.004000] APIC: Switch to symmetric I/O mode setup
[    0.004000] x2apic enabled
[    0.004000] Switched APIC routing to physical x2apic.
[    0.004000] ..TIMER: vector=0x30 apic1=0 pin1=2 apic2=-1 pin2=-1
[    0.004005] tsc: Detected 2999.998 MHz processor
[    0.004876] Calibrating delay loop (skipped) preset value.. 5999.99 BogoMIPS (lpj=11999992)
[    0.005491] pid_max: default: 32768 minimum: 301
[    0.006293] Security Framework initialized
[    0.007008] Yama: becoming mindful.
[    0.007674] AppArmor: AppArmor initialized
[    0.008000] Dentry cache hash table entries: 524288 (order: 10, 4194304 bytes)
[    0.008000] Inode-cache hash table entries: 262144 (order: 9, 2097152 bytes)
[    0.008042] Mount-cache hash table entries: 8192 (order: 4, 65536 bytes)
[    0.009171] Mountpoint-cache hash table entries: 8192 (order: 4, 65536 bytes)
[    0.010829] Last level iTLB entries: 4KB 128, 2MB 8, 4MB 8
[    0.012006] Last level dTLB entries: 4KB 64, 2MB 0, 4MB 0, 1GB 4
[    0.016007] Spectre V1 : Mitigation: usercopy/swapgs barriers and __user pointer sanitization
[    0.017491] Spectre V2 : Mitigation: Retpolines
[    0.020004] Spectre V2 : Spectre v2 / SpectreRSB mitigation: Filling RSB on context switch
[    0.021535] Spectre V2 : Spectre v2 / SpectreRSB : Filling RSB on VMEXIT
[    0.024003] RETBleed: WARNING: Spectre v2 mitigation leaves CPU vulnerable to RETBleed attacks, data leaks possible!
[    0.025720] RETBleed: Vulnerable
[    0.026406] Speculative Store Bypass: Vulnerable
[    0.028067] MDS: Mitigation: Clear CPU buffers
[    0.029307] MMIO Stale Data: Mitigation: Clear CPU buffers
[    0.030196] SRBDS: Unknown: Dependent on hypervisor status
[    0.032187] Freeing SMP alternatives memory: 36K
[    0.144055] smpboot: CPU0: Intel(R) Core(TM) i5-9500 CPU @ 3.00GHz (family: 0x6, model: 0x9e, stepping: 0xa)
[    0.146047] Performance Events: unsupported p6 CPU model 158 no PMU driver, software events only.
[    0.147684] Hierarchical SRCU implementation.
[    0.148474] NMI watchdog: Perf event create on CPU 0 failed with -2
[    0.149469] NMI watchdog: Perf NMI watchdog permanently disabled
[    0.150424] smp: Bringing up secondary CPUs ...
[    0.152197] x86: Booting SMP configuration:
[    0.152992] .... node  #0, CPUs:      #1
[    0.004000] kvm-clock: cpu 1, msr 1:1ff50041, secondary cpu clock
[    0.170671] smp: Brought up 1 node, 2 CPUs
[    0.170671] smpboot: Max logical packages: 1
[    0.170671] smpboot: Total of 2 processors activated (11999.99 BogoMIPS)
[    0.171339] devtmpfs: initialized
[    0.171339] x86/mm: Memory block size: 128MB
[    0.172373] evm: security.selinux
[    0.176002] evm: security.SMACK64
[    0.176565] evm: security.SMACK64EXEC
[    0.177232] evm: security.SMACK64TRANSMUTE
[    0.178137] evm: security.SMACK64MMAP
[    0.178825] evm: security.apparmor
[    0.180011] evm: security.ima
[    0.182562] evm: security.capability
[    0.183204] clocksource: jiffies: mask: 0xffffffff max_cycles: 0xffffffff, max_idle_ns: 7645041785100000 ns
[    0.184014] futex hash table entries: 512 (order: 3, 32768 bytes)
[    0.185142] pinctrl core: initialized pinctrl subsystem
[    0.188124] RTC time:  1:47:46, date: 06/29/23
[    0.189673] NET: Registered protocol family 16
[    0.192099] audit: initializing netlink subsys (disabled)
[    0.197011] audit: type=2000 audit(1688003270.615:1): state=initialized audit_enabled=0 res=1
[    0.200023] cpuidle: using governor ladder
[    0.200710] cpuidle: using governor menu
[    0.204051] ACPI: bus type PCI registered
[    0.204767] acpiphp: ACPI Hot Plug PCI Controller Driver version: 0.5
[    0.208085] PCI: Using configuration type 1 for base access
[    0.212030] HugeTLB registered 2.00 MiB page size, pre-allocated 0 pages
[    0.214435] ACPI: Added _OSI(Module Device)
[    0.216007] ACPI: Added _OSI(Processor Device)
[    0.216743] ACPI: Added _OSI(3.0 _SCP Extensions)
[    0.217557] ACPI: Added _OSI(Processor Aggregator Device)
[    0.220006] ACPI: Added _OSI(Linux-Dell-Video)
[    0.220722] ACPI: Added _OSI(Linux-Lenovo-NV-HDMI-Audio)
[    0.222454] ACPI: Added _OSI(Linux-HPI-Hybrid-Graphics)
[    0.224234] ACPI: Executed 1 blocks of module-level executable AML code
[    0.228946] ACPI: Interpreter enabled
[    0.229929] ACPI: (supports S0 S5)
[    0.231652] ACPI: Using IOAPIC for interrupt routing
[    0.232264] PCI: Using host bridge windows from ACPI; if necessary, use "pci=nocrs" and report a bug
[    0.233895] ACPI: Enabled 2 GPEs in block 00 to 07
[    0.241187] ACPI: PCI Root Bridge [PCI0] (domain 0000 [bus 00-ff])
[    0.242485] acpi PNP0A03:00: _OSC: OS supports [ASPM ClockPM Segments MSI]
[    0.244485] acpi PNP0A03:00: _OSC: not requesting OS control; OS requires [ExtendedConfig ASPM ClockPM MSI]
[    0.246934] acpi PNP0A03:00: fail to add MMCONFIG information, can't access extended PCI configuration space under this bridge.
[    0.248354] PCI host bridge to bus 0000:00
[    0.249074] pci_bus 0000:00: root bus resource [io  0x0000-0x0cf7 window]
[    0.252002] pci_bus 0000:00: root bus resource [io  0x0d00-0xffff window]
[    0.253047] pci_bus 0000:00: root bus resource [mem 0x000a0000-0x000bffff window]
[    0.254320] pci_bus 0000:00: root bus resource [mem 0xe0000000-0xfdffffff window]
[    0.256004] pci_bus 0000:00: root bus resource [bus 00-ff]
[    0.258288] pci 0000:00:01.1: legacy IDE quirk: reg 0x10: [io  0x01f0-0x01f7]
[    0.260003] pci 0000:00:01.1: legacy IDE quirk: reg 0x14: [io  0x03f6]
[    0.261087] pci 0000:00:01.1: legacy IDE quirk: reg 0x18: [io  0x0170-0x0177]
[    0.262311] pci 0000:00:01.1: legacy IDE quirk: reg 0x1c: [io  0x0376]
[    0.300668] pci 0000:00:07.0: quirk: [io  0x4000-0x403f] claimed by PIIX4 ACPI
[    0.302923] pci 0000:00:07.0: quirk: [io  0x4100-0x410f] claimed by PIIX4 SMB
[    0.340761] ACPI: PCI Interrupt Link [LNKA] (IRQs 5 9 10 *11)
[    0.344385] ACPI: PCI Interrupt Link [LNKB] (IRQs 5 9 *10 11)
[    0.348133] ACPI: PCI Interrupt Link [LNKC] (IRQs 5 *9 10 11)
[    0.352162] ACPI: PCI Interrupt Link [LNKD] (IRQs 5 9 10 *11)
[    0.356301] SCSI subsystem initialized
[    0.368085] pci 0000:00:02.0: vgaarb: setting as boot VGA device
[    0.372000] pci 0000:00:02.0: vgaarb: VGA device added: decodes=io+mem,owns=io+mem,locks=none
[    0.372010] pci 0000:00:02.0: vgaarb: bridge control possible
[    0.376005] vgaarb: loaded
[    0.380032] ACPI: bus type USB registered
[    0.384037] usbcore: registered new interface driver usbfs
[    0.388026] usbcore: registered new interface driver hub
[    0.392035] usbcore: registered new device driver usb
[    0.401438] EDAC MC: Ver: 3.0.0
[    0.408026] PCI: Using ACPI for IRQ routing
[    0.408237] NetLabel: Initializing
[    0.409486] NetLabel:  domain hash size = 128
[    0.411291] NetLabel:  protocols = UNLABELED CIPSOv4 CALIPSO
[    0.416028] NetLabel:  unlabeled traffic allowed by default
[    0.428061] clocksource: Switched to clocksource kvm-clock
[    0.449906] VFS: Disk quotas dquot_6.6.0
[    0.461044] VFS: Dquot-cache hash table entries: 512 (order 0, 4096 bytes)
[    0.471381] AppArmor: AppArmor Filesystem Enabled
[    0.479644] pnp: PnP ACPI init
[    0.497272] pnp: PnP ACPI: found 3 devices
[    0.503776] clocksource: acpi_pm: mask: 0xffffff max_cycles: 0xffffff, max_idle_ns: 2085701024 ns
[    0.514092] NET: Registered protocol family 2
[    0.529858] IP idents hash table entries: 65536 (order: 7, 524288 bytes)
[    0.536926] TCP established hash table entries: 32768 (order: 6, 262144 bytes)
[    0.541834] TCP bind hash table entries: 32768 (order: 7, 524288 bytes)
[    0.546472] TCP: Hash tables configured (established 32768 bind 32768)
[    0.551348] UDP hash table entries: 2048 (order: 4, 65536 bytes)
[    0.555559] UDP-Lite hash table entries: 2048 (order: 4, 65536 bytes)
[    0.559447] NET: Registered protocol family 1
[    0.562478] pci 0000:00:00.0: Limiting direct PCI/PCI transfers
[    0.566187] pci 0000:00:01.0: Activating ISA DMA hang workarounds
[    0.569645] pci 0000:00:02.0: Video device with shadowed ROM at [mem 0x000c0000-0x000dffff]
[    0.574871] Unpacking initramfs...
[    0.799058] Freeing initrd memory: 19532K
[    0.801040] PCI-DMA: Using software bounce buffering for IO (SWIOTLB)
[    0.802061] software IO TLB: mapped [mem 0xdbff0000-0xdfff0000] (64MB)
[    0.803133] clocksource: tsc: mask: 0xffffffffffffffff max_cycles: 0x2b3e43c8763, max_idle_ns: 440795360101 ns
[    0.804724] platform rtc_cmos: registered platform RTC device (no PNP device found)
[    0.806032] Scanning for low memory corruption every 60 seconds
[    0.807521] Initialise system trusted keyrings
[    0.808715] Key type blacklist registered
[    0.811317] workingset: timestamp_bits=36 max_order=20 bucket_order=0
[    0.813621] zbud: loaded
[    0.815651] squashfs: version 4.0 (2009/01/31) Phillip Lougher
[    0.817041] fuse init (API version 7.26)
[    0.819757] Key type asymmetric registered
[    0.820759] Asymmetric key parser 'x509' registered
[    0.821573] Block layer SCSI generic (bsg) driver version 0.4 loaded (major 246)
[    0.822957] io scheduler noop registered
[    0.823938] io scheduler deadline registered
[    0.824785] io scheduler cfq registered (default)
[    0.825912] ACPI: AC Adapter [AC] (on-line)
[    0.826788] input: Power Button as /devices/LNXSYSTM:00/LNXPWRBN:00/input/input0
[    0.828214] ACPI: Power Button [PWRF]
[    0.829290] input: Sleep Button as /devices/LNXSYSTM:00/LNXSLPBN:00/input/input1
[    0.830491] ACPI: Sleep Button [SLPF]
[    0.831378] Serial: 8250/16550 driver, 32 ports, IRQ sharing enabled
[    0.853086] 00:02: ttyS0 at I/O 0x3f8 (irq = 4, base_baud = 115200) is a 16550A
[    0.855554] Linux agpgart interface v0.103
[    0.857318] loop: module loaded
[    0.858431] scsi host0: ata_piix
[    0.859242] scsi host1: ata_piix
[    0.859825] ata1: PATA max UDMA/33 cmd 0x1f0 ctl 0x3f6 bmdma 0xd000 irq 14
[    0.860849] ata2: PATA max UDMA/33 cmd 0x170 ctl 0x376 bmdma 0xd008 irq 15
[    0.862211] tun: Universal TUN/TAP device driver, 1.6
[    0.863042] PPP generic driver version 2.4.2
[    0.863786] ehci_hcd: USB 2.0 'Enhanced' Host Controller (EHCI) Driver
[    0.864851] ehci-pci: EHCI PCI platform driver
[    0.865622] ehci-platform: EHCI generic platform driver
[    0.866502] ohci_hcd: USB 1.1 'Open' Host Controller (OHCI) Driver
[    0.867480] ohci-pci: OHCI PCI platform driver
[    0.868256] ohci-platform: OHCI generic platform driver
[    0.869100] uhci_hcd: USB Universal Host Controller Interface driver
[    0.870204] i8042: PNP: PS/2 Controller [PNP0303:PS2K,PNP0f03:PS2M] at 0x60,0x64 irq 1,12
[    0.872007] serio: i8042 KBD port at 0x60,0x64 irq 1
[    0.872882] serio: i8042 AUX port at 0x60,0x64 irq 12
[    0.873756] mousedev: PS/2 mouse device common for all mice
[    0.874993] input: AT Translated Set 2 keyboard as /devices/platform/i8042/serio0/input/input2
[    0.876862] rtc_cmos rtc_cmos: rtc core: registered rtc_cmos as rtc0
[    0.877883] rtc_cmos rtc_cmos: alarms up to one day, 114 bytes nvram
[    0.878891] i2c /dev entries driver
[    0.879512] device-mapper: uevent: version 1.0.3
[    0.880460] device-mapper: ioctl: 4.37.0-ioctl (2017-09-20) initialised: dm-devel@redhat.com
[    0.881912] ledtrig-cpu: registered to indicate activity on CPUs
[    0.883333] NET: Registered protocol family 10
[    0.886797] Segment Routing with IPv6
[    0.887429] NET: Registered protocol family 17
[    0.888200] Key type dns_resolver registered
[    0.889078] mce: Using 0 MCE banks
[    0.889708] RAS: Correctable Errors collector initialized.
[    0.890610] sched_clock: Marking stable (889054438, 0)->(1128335426, -239280988)
[    0.892162] registered taskstats version 1
[    0.892831] Loading compiled-in X.509 certificates
[    0.895382] Loaded X.509 cert 'Build time autogenerated kernel key: 53bf99db7da04c05fe17f7beec9ce15c83db2223'
[    0.897410] Loaded X.509 cert 'Canonical Ltd. Live Patch Signing: 14df34d1a87cf37625abec039ef2bf521249b969'
[    0.899458] Loaded X.509 cert 'Canonical Ltd. Kernel Module Signing: 88f752e560a1e0737e31163a466ad7b70a850c19'
[    0.901079] blacklist: Loading compiled-in revocation X.509 certificates
[    0.902143] Loaded X.509 cert 'Canonical Ltd. Secure Boot Signing: 61482aa2830d0ab2ad5af10b7250da9033ddcef0'
[    0.903643] Loaded X.509 cert 'Canonical Ltd. Secure Boot Signing (2017): 242ade75ac4a15e50d50c84b0d45ff3eae707a03'
[    0.905235] Loaded X.509 cert 'Canonical Ltd. Secure Boot Signing (ESM 2018): 365188c1d374d6b07c3c8f240f8ef722433d6a8b'
[    0.906865] Loaded X.509 cert 'Canonical Ltd. Secure Boot Signing (2019): c0746fd6c5da3ae827864651ad66ae47fe24b3e8'
[    0.908504] Loaded X.509 cert 'Canonical Ltd. Secure Boot Signing (2021 v1): a8d54bbb3825cfb94fa13c9f8a594a195c107b8d'
[    0.910105] Loaded X.509 cert 'Canonical Ltd. Secure Boot Signing (2021 v2): 4cf046892d6fd3c9a5b03f98d845f90851dc6a8c'
[    0.911692] Loaded X.509 cert 'Canonical Ltd. Secure Boot Signing (2021 v3): 100437bb6de6e469b581e61cd66bce3ef4ed53af'
[    0.913396] Loaded X.509 cert 'Canonical Ltd. Secure Boot Signing (Ubuntu Core 2019): c1d57b8f6b743f23ee41f4f7ee292f06eecadfb9'
[    0.915101] zswap: loaded using pool lzo/zbud
[    0.918912] Key type big_key registered
[    0.919606] Key type trusted registered
[    0.921589] Key type encrypted registered
[    0.922278] AppArmor: AppArmor sha1 policy hashing enabled
[    0.923159] ima: No TPM chip found, activating TPM-bypass! (rc=-19)
[    0.924185] ima: Allocated hash algorithm: sha1
[    0.924959] evm: HMAC attrs: 0x1
[    0.925732]   Magic number: 11:518:762
[    0.926357] atkbd serio0: hash matches
[    0.927076] rtc_cmos rtc_cmos: setting system clock to 2023-06-29 01:47:47 UTC (1688003267)
[    0.928530] BIOS EDD facility v0.16 2004-Jun-25, 0 devices found
[    0.929468] EDD information not available.
[    1.085406] Freeing unused kernel image memory: 2480K
[    1.148175] Write protecting the kernel read-only data: 20480k
[    1.155096] Freeing unused kernel image memory: 2008K
[    1.160324] Freeing unused kernel image memory: 1820K
[    1.181608] x86/mm: Checked W+X mappings: passed, no W+X pages found.
[    1.183168] x86/mm: Checking user space page tables
[    1.195648] x86/mm: Checked W+X mappings: passed, no W+X pages found.
Loading, please wait...
starting version 237
[    1.252016] e1000: Intel(R) PRO/1000 Network Driver - version 7.3.21-k8-NAPI
[    1.253127] e1000: Copyright (c) 1999-2006 Intel Corporation.
[    1.258437] Fusion MPT base driver 3.04.20
[    1.259218] Copyright (c) 1999-2008 LSI Corporation
[    1.283176] Fusion MPT SPI Host driver 3.04.20
[    1.285598] AVX2 version of gcm_enc/dec engaged.
[    1.286501] AES CTR mode by8 optimization enabled
[    1.472850] input: ImExPS/2 Generic Explorer Mouse as /devices/platform/i8042/serio1/input/input4
[    1.648586] e1000 0000:00:03.0 eth0: (PCI:33MHz:32-bit) 02:3e:6f:b6:28:d7
[    1.649663] e1000 0000:00:03.0 eth0: Intel(R) PRO/1000 Network Connection
[    2.031103] e1000 0000:00:08.0 eth1: (PCI:33MHz:32-bit) 08:00:27:f0:b3:50
[    2.032182] e1000 0000:00:08.0 eth1: Intel(R) PRO/1000 Network Connection
[    2.034065] mptbase: ioc0: Initiating bringup
[    2.034282] e1000 0000:00:03.0 enp0s3: renamed from eth0
[    2.084312] e1000 0000:00:08.0 enp0s8: renamed from eth1
[    2.664646] ioc0: LSI53C1030 A0: Capabilities={Initiator}
[    4.960233] scsi host2: ioc0: LSI53C1030 A0, FwRev=00000000h, Ports=1, MaxQ=256, IRQ=20
[    6.666208] scsi 2:0:0:0: Direct-Access     VBOX     HARDDISK         1.0  PQ: 0 ANSI: 5
[    6.804312] scsi target2:0:0: Beginning Domain Validation
[    6.806250] scsi target2:0:0: Domain Validation skipping write tests
[    6.807500] scsi target2:0:0: Ending Domain Validation
[    6.808427] scsi target2:0:0: asynchronous
[    6.809580] scsi 2:0:1:0: Direct-Access     VBOX     HARDDISK         1.0  PQ: 0 ANSI: 5
[    7.734872] scsi target2:0:1: Beginning Domain Validation
[    7.741472] scsi target2:0:1: Domain Validation skipping write tests
[    7.742457] scsi target2:0:1: Ending Domain Validation
[    7.743290] scsi target2:0:1: asynchronous
[    7.746923] sd 2:0:0:0: Attached scsi generic sg0 type 0
[    7.748073] sd 2:0:0:0: [sda] 83886080 512-byte logical blocks: (42.9 GB/40.0 GiB)
[    7.749435] sd 2:0:0:0: [sda] Write Protect is off
[    7.750463] sd 2:0:1:0: Attached scsi generic sg1 type 0
[    7.751425] sd 2:0:1:0: [sdb] 20480 512-byte logical blocks: (10.5 MB/10.0 MiB)
[    7.752623] sd 2:0:0:0: [sda] Incomplete mode parameter data
[    7.753517] sd 2:0:0:0: [sda] Assuming drive cache: write through
[    7.754467] sd 2:0:1:0: [sdb] Write Protect is off
[    7.755462] sd 2:0:1:0: [sdb] Incomplete mode parameter data
[    7.756390] sd 2:0:1:0: [sdb] Assuming drive cache: write through
[    7.758836]  sda: sda1
[    7.759723] sd 2:0:0:0: [sda] Attached SCSI disk
[    7.760950] sd 2:0:1:0: [sdb] Attached SCSI disk
Begin: Loading essential drivers ... [    9.324622] raid6: sse2x1   gen() 13287 MB/s
[    9.372088] raid6: sse2x1   xor()  9608 MB/s
[    9.420078] raid6: sse2x2   gen() 16680 MB/s
[    9.468074] raid6: sse2x2   xor() 10751 MB/s
[    9.516642] raid6: sse2x4   gen() 18976 MB/s
[    9.564024] raid6: sse2x4   xor() 11626 MB/s
[    9.612686] raid6: avx2x1   gen() 26293 MB/s
[    9.662086] raid6: avx2x1   xor() 18897 MB/s
[    9.708050] raid6: avx2x2   gen() 30512 MB/s
[    9.756086] raid6: avx2x2   xor() 20113 MB/s
[    9.804621] raid6: avx2x4   gen() 36868 MB/s
[    9.852050] raid6: avx2x4   xor() 22089 MB/s
[    9.852827] raid6: using algorithm avx2x4 gen() 36868 MB/s
[    9.853669] raid6: .... xor() 22089 MB/s, rmw enabled
[    9.854465] raid6: using avx2x2 recovery algorithm
[    9.856043] xor: automatically using best checksumming function   avx       
[    9.857858] async_tx: api initialized (async)
done.
Begin: Running /scripts/init-premount ... done.
Begin: Mounting root file system ... Begin: Running /scripts/local-top ... done.
Begin: Running /scripts/local-premount ... [    9.895027] Btrfs loaded, crc32c=crc32c-intel
Scanning for Btrfs filesystems
done.
Warning: fsck not present, so skipping root file system
[    9.917947] EXT4-fs (sda1): mounted filesystem with ordered data mode. Opts: (null)
done.
Begin: Running /scripts/local-bottom ... done.
Begin: Running /scripts/init-bottom ... done.
[   10.050786] ip_tables: (C) 2000-2006 Netfilter Core Team
[   10.059462] systemd[1]: systemd 237 running in system mode. (+PAM +AUDIT +SELINUX +IMA +APPARMOR +SMACK +SYSVINIT +UTMP +LIBCRYPTSETUP +GCRYPT +GNUTLS +ACL +XZ +LZ4 +SECCOMP +BLKID +ELFUTILS +KMOD -IDN2 +IDN -PCRE2 default-hierarchy=hybrid)
[   10.063318] systemd[1]: Detected virtualization oracle.
[   10.064374] systemd[1]: Detected architecture x86-64.

Welcome to [1mUbuntu 18.04.6 LTS[0m!

[   10.069467] systemd[1]: Set hostname to <ubuntu>.
[   10.072124] systemd[1]: Initializing machine ID from random generator.
[   10.073312] systemd[1]: Installed transient /etc/machine-id file.
[   10.322844] systemd[1]: Reached target Swap.
[[0;32m  OK  [0m] Reached target Swap.
[   10.325915] systemd[1]: Created slice System Slice.
[[0;32m  OK  [0m] Created slice System Slice.
[   10.327609] systemd[1]: Listening on Journal Socket (/dev/log).
[[0;32m  OK  [0m] Listening on Journal Socket (/dev/log).
[   10.329552] systemd[1]: Reached target User and Group Name Lookups.
[[0;32m  OK  [0m] Reached target User and Group Name Lookups.
[[0;32m  OK  [0m] Set up automount Arbitrary Executab…rmats File System Automount Point.
[[0;32m  OK  [0m] Listening on udev Control Socket.
[[0;32m  OK  [0m] Reached target System Time Synchronized.
[[0;32m  OK  [0m] Listening on /dev/initctl Compatibility Named Pipe.
[[0;32m  OK  [0m] Listening on Journal Audit Socket.
[[0;32m  OK  [0m] Created slice User and Session Slice.
[[0;32m  OK  [0m] Reached target Slices.
[[0;32m  OK  [0m] Listening on Journal Socket.
         Mounting POSIX Message Queue File System...
         Mounting Kernel Debug File System...
         Starting Create list of required st…ce nodes for the current kernel...
         Mounting Huge Pages File System...
[[0;32m  OK  [0m] Listening on Device-mapper event daemon FIFOs.
         Starting Load Kernel Modules...
[[0;32m  OK  [0m] Listening on LVM2 metadata daemon socket.
[[0;32m  OK  [0m] Listening on udev Kernel Socket.
[[0;32m  OK  [0m] Created slice system-serial\x2dgetty.slice.
[   10.845941] Loading iSCSI transport class v2.0-870.
[   10.850979] iscsi: registered transport (tcp)
[[0;32m  OK  [0m] Listening on Network Service Netlink Socket.
[[0;32m  OK  [0m] Listening on LVM2 poll daemon socket.
         Starting Monitoring of LVM2 mirrors…ng dmeventd or progress polling...
[   10.865937] iscsi: registered transport (iser)
         Starting Set the console keyboard layout...
[[0;32m  OK  [0m] Started Forward Password Requests to Wall Directory Watch.
[[0;32m  OK  [0m] Listening on fsck to fsckd communication Socket.
         Starting File System Check on Root Device...
[[0;32m  OK  [0m] Reached target Mounting snaps.
[[0;32m  OK  [0m] Reached target Mounted snaps.
[[0;32m  OK  [0m] Listening on Syslog Socket.
         Starting Journal Service...
         Starting Uncomplicated firewall...
         Starting udev Coldplug all Devices...
[[0;32m  OK  [0m] Mounted POSIX Message Queue File System.
[[0;32m  OK  [0m] Mounted Kernel Debug File System.
[[0;32m  OK  [0m] Started Create list of required sta…vice nodes for the current kernel.
[[0;32m  OK  [0m] Mounted Huge Pages File System.
[[0;32m  OK  [0m] Started Load Kernel Modules.
[[0;32m  OK  [0m] Started File System Check Daemon to report status.
[[0;32m  OK  [0m] Started LVM2 metadata daemon.
         Mounting FUSE Control File System...
         Starting Apply Kernel Variables...
         Mounting Kernel Configuration File System...
         Starting Create Static Device Nodes in /dev...
[[0;32m  OK  [0m] Mounted FUSE Control File System.
[[0;32m  OK  [0m] Mounted Kernel Configuration File System.
[[0;32m  OK  [0m] Started Uncomplicated firewall.
[[0;32m  OK  [0m] Started Journal Service.
[[0;32m  OK  [0m] Started File System Check on Root Device.
         Starting Remount Root and Kernel File Systems...
[[0;32m  OK  [0m] Started udev Coldplug all Devices.
[[0;32m  OK  [0m] Started Create Static Device Nodes in /dev.
[[0;32m  OK  [0m] Started Monitoring of LVM2 mirrors,…sing dmeventd or progress polling.
[[0;32m  OK  [0m] Started Apply Kernel Variables.
[[0;32m  OK  [0m] Started Remount Root and Kernel File Systems.
         Starting Flush Journal to Persistent Storage...
         Starting Load/Save Random Seed...
         Starting udev Kernel Device Manager...
[[0;32m  OK  [0m] Started Load/Save Random Seed.
[[0;32m  OK  [0m] Started udev Kernel Device Manager.
[[0;32m  OK  [0m] Started Flush Journal to Persistent Storage.
[[0;32m  OK  [0m] Started Set the console keyboard layout.
[[0;32m  OK  [0m] Reached target Local File Systems (Pre).
[[0;32m  OK  [0m] Reached target Local File Systems.
         Starting AppArmor initialization...
         Starting ebtables ruleset management...
         Starting Create Volatile Files and Directories...
         Starting Commit a transient machine-id on disk...
         Starting Set console font and keymap...
         Starting Tell Plymouth To Write Out Runtime Data...
[[0;32m  OK  [0m] Started Dispatch Password Requests to Console Directory Watch.
[[0;32m  OK  [0m] Reached target Local Encrypted Volumes.
[[0;32m  OK  [0m] Started Create Volatile Files and Directories.
[[0;32m  OK  [0m] Started Set console font and keymap.
[[0;32m  OK  [0m] Started Tell Plymouth To Write Out Runtime Data.
         Starting Update UTMP about System Boot/Shutdown...
[[0;32m  OK  [0m] Started Update UTMP about System Boot/Shutdown.
[[0;32m  OK  [0m] Started Commit a transient machine-id on disk.
[[0;32m  OK  [0m] Started ebtables ruleset management.
[[0;32m  OK  [0m] Found device /dev/ttyS0.
[[0;32m  OK  [0m] Listening on Load/Save RF Kill Switch Status /dev/rfkill Watch.
         Mounting Arbitrary Executable File Formats File System...
[[0;32m  OK  [0m] Mounted Arbitrary Executable File Formats File System.
[[0;32m  OK  [0m] Started AppArmor initialization.
         Starting Load AppArmor profiles managed internally by snapd...
         Starting Initial cloud-init job (pre-networking)...
[[0;32m  OK  [0m] Started Load AppArmor profiles managed internally by snapd.
[   13.905751] cloud-init[572]: Cloud-init v. 23.1.2-0ubuntu0~18.04.1 running 'init-local' at Thu, 29 Jun 2023 01:48:00 +0000. Up 13.53 seconds.
[[0;32m  OK  [0m] Started Initial cloud-init job (pre-networking).
[[0;32m  OK  [0m] Reached target Network (Pre).
         Starting Network Service...
[[0;32m  OK  [0m] Started Network Service.
         Starting Network Name Resolution...
         Starting Wait for Network to be Configured...
[[0;32m  OK  [0m] Started Network Name Resolution.
[[0;32m  OK  [0m] Reached target Host and Network Name Lookups.
[[0;32m  OK  [0m] Reached target Network.
[[0;32m  OK  [0m] Started Wait for Network to be Configured.
         Starting Initial cloud-init job (metadata service crawler)...
[   16.056518] cloud-init[716]: Cloud-init v. 23.1.2-0ubuntu0~18.04.1 running 'init' at Thu, 29 Jun 2023 01:48:02 +0000. Up 15.86 seconds.
[   16.072196] cloud-init[716]: ci-info: ++++++++++++++++++++++++++++++++++++++Net device info+++++++++++++++++++++++++++++++++++++++
[   16.073080] cloud-init[716]: ci-info: +--------+-------+----------------------------+---------------+--------+-------------------+
[   16.073962] cloud-init[716]: ci-info: | Device |   Up  |          Address           |      Mask     | Scope  |     Hw-Address    |
[   16.084186] cloud-init[716]: ci-info: +--------+-------+----------------------------+---------------+--------+-------------------+
[   16.096130] cloud-init[716]: ci-info: | enp0s3 |  True |         10.0.2.15          | 255.255.255.0 | global | 02:3e:6f:b6:28:d7 |
[   16.097449] cloud-init[716]: ci-info: | enp0s3 |  True | fe80::3e:6fff:feb6:28d7/64 |       .       |  link  | 02:3e:6f:b6:28:d7 |
[   16.099483] cloud-init[716]: ci-info: | enp0s8 | False |             .              |       .       |   .    | 08:00:27:f0:b3:50 |
[   16.100541] cloud-init[716]: ci-info: |   lo   |  True |         127.0.0.1          |   255.0.0.0   |  host  |         .         |
[   16.101548] cloud-init[716]: ci-info: |   lo   |  True |          ::1/128           |       .       |  host  |         .         |
[   16.102507] cloud-init[716]: ci-info: +--------+-------+----------------------------+---------------+--------+-------------------+
[   16.103490] cloud-init[716]: ci-info: ++++++++++++++++++++++++++++Route IPv4 info+++++++++++++++++++++++++++++
[   16.104450] cloud-init[716]: ci-info: +-------+-------------+----------+-----------------+-----------+-------+
[   16.105304] cloud-init[716]: ci-info: | Route | Destination | Gateway  |     Genmask     | Interface | Flags |
[   16.106147] cloud-init[716]: ci-info: +-------+-------------+----------+-----------------+-----------+-------+
[   16.107017] cloud-init[716]: ci-info: |   0   |   0.0.0.0   | 10.0.2.2 |     0.0.0.0     |   enp0s3  |   UG  |
[   16.107879] cloud-init[716]: ci-info: |   1   |   10.0.2.0  | 0.0.0.0  |  255.255.255.0  |   enp0s3  |   U   |
[   16.108634] cloud-init[716]: ci-info: |   2   |   10.0.2.2  | 0.0.0.0  | 255.255.255.255 |   enp0s3  |   UH  |
[   16.109514] cloud-init[716]: ci-info: +-------+-------------+----------+-----------------+-----------+-------+
[   16.110281] cloud-init[716]: ci-info: +++++++++++++++++++Route IPv6 info+++++++++++++++++++
[   16.111081] cloud-init[716]: ci-info: +-------+-------------+---------+-----------+-------+
[   16.111850] cloud-init[716]: ci-info: | Route | Destination | Gateway | Interface | Flags |
[   16.112574] cloud-init[716]: ci-info: +-------+-------------+---------+-----------+-------+
[   16.113375] cloud-init[716]: ci-info: |   1   |  fe80::/64  |    ::   |   enp0s3  |   U   |
[   16.114170] cloud-init[716]: ci-info: |   3   |    local    |    ::   |   enp0s3  |   U   |
[   16.115017] cloud-init[716]: ci-info: |   4   |   ff00::/8  |    ::   |   enp0s3  |   U   |
[   16.115828] cloud-init[716]: ci-info: +-------+-------------+---------+-----------+-------+
[   16.976533] cloud-init[716]: Generating public/private rsa key pair.
[   16.977019] cloud-init[716]: Your identification has been saved in /etc/ssh/ssh_host_rsa_key.
[   16.988168] cloud-init[716]: Your public key has been saved in /etc/ssh/ssh_host_rsa_key.pub.
[   17.000173] cloud-init[716]: The key fingerprint is:
[   17.000577] cloud-init[716]: SHA256:iy2UvrL4+eyenPGJ/OzCe5GwNGcliyvLvBimCDd+eOg root@ubuntu-bionic
[   17.001541] cloud-init[716]: The key's randomart image is:
[   17.002129] cloud-init[716]: +---[RSA 2048]----+
[   17.002568] cloud-init[716]: |                 |
[   17.003181] cloud-init[716]: |        . .      |
[   17.012199] cloud-init[716]: |       . +       |
[   17.012599] cloud-init[716]: |      =.+        |
[   17.013135] cloud-init[716]: |     .oBS.       |
[   17.013665] cloud-init[716]: |    .oooo.       |
[   17.014247] cloud-init[716]: |. == += o.       |
[   17.014780] cloud-init[716]: |o=o=B=oX..       |
[   17.015319] cloud-init[716]: |o.E+=B&**        |
[   17.015858] cloud-init[716]: +----[SHA256]-----+
[   17.016255] cloud-init[716]: Generating public/private dsa key pair.
[   17.017211] cloud-init[716]: Your identification has been saved in /etc/ssh/ssh_host_dsa_key.
[   17.018036] cloud-init[716]: Your public key has been saved in /etc/ssh/ssh_host_dsa_key.pub.
[   17.018855] cloud-init[716]: The key fingerprint is:
[   17.019219] cloud-init[716]: SHA256:IuMsmf1FaDuOVq77drBAvG/CjYGkLYOMMFKXAegXG4A root@ubuntu-bionic
[   17.019901] cloud-init[716]: The key's randomart image is:
[   17.020516] cloud-init[716]: +---[DSA 1024]----+
[   17.021059] cloud-init[716]: |.oo..o           |
[[0;32m  OK  [0m] Started Initial cloud-init job (metadata service crawler).
[   17.036495] cloud-init[716]: |E .oo            |
[[0;32m  OK  [0m] Reached target System Initialization.
[   17.037102] [[0;32m  OK  [0m] Started Daily apt download activities.
cloud-init[716]: |.. o+            |
         Starting LXD - unix socket.
[   17.038267] [[0;32m  OK  [0m] Listening on D-Bus System Message Bus Socket.
[[0;32m  OK  [0m] Listening on cloud-init hotplug hook socket.
[[0;32m  OK  [0m] Started Daily Cleanup of Temporary Directories.
cloud-init[716]: |+..oo  .         |
[[0;32m  OK  [0m] Started Discard unused blocks once a week.
[   17.041845] cloud-init[[0;32m  OK  [0m] Listening on Open-iSCSI iscsid Socket.
[716]: |*=.oo.+ S        |
[[0;32m  OK  [0m] Started ACPI Events Check.
[[0;32m  OK  [0m] Reached target Paths.
[   17.043074] cloud-init[716]: |*.o*++o+         |
[[0;32m  OK  [0m] Started Daily apt upgrade and clean activities.
[   17.068550] [[0;32m  OK  [0m] Started Message of the Day.
cloud-init[716]: | o+.+Ooo.        |         Starting Socket activation for snappy daemon.
[[0;32m  OK  [0m] Started Ubuntu Advantage Timer for running repeated jobs.
[[0;32m  OK  [0m] Reached target Timers.
[[0;32m  OK  [0m] Listening on UUID daemon activation socket.
[[0;32m  OK  [0m] Listening on ACPID Listen Socket.
[[0;32m  OK  [0m] Reached target Cloud-config availability.

[[0;32m  OK  [0m] Reached target Network is Online.
[   17.072450] cloud-init[716]: |   .=+Bo.        |
[[0;32m  OK  [0m] Reached target Remote File Systems (Pre).
[   17.076716] cloud-init[716]: |   .+B+.         |
[[0;32m  OK  [0m] Reached target Remote File Systems.
[   17.091174] cloud-init[716]: +----[SHA256]-----+
[   17.092087] cloud-init[716]: Generating public/private ecdsa key pair.
         [   17.104180] Starting Availability of block devices...cloud-init
[716]: Your identification has been saved in /etc/ssh/ssh_host_ecdsa_key.
[[0;32m  OK  [0m[   17.105233] cloud-init[716]: Your public key has been saved in /etc/ssh/ssh_host_ecdsa_key.pub.
] Listening on LXD - unix socket.
[   17.105427] cloud-init[716]: The key fingerprint is:
[[   17.106808] cloud-init[716]: SHA256:cV6p/rT6t1tEm1QQ17b4ZSBRvSHwk2BkUaWPNoFak5g root@ubuntu-bionic
[   17.106890] cloud-init[716]: The key's randomart image is:
[0;32m  OK  [0m] Listening on Socket activation for snappy daemon.
[   17.106960] cloud-init[716]: +---[ECDSA 256]---+
[   17.109177] cloud-init[716]: |          .B=+==+|
[   17.109609] cloud-init[716]: |          = *o+o=|
[   17.110036] cloud-init[716]: |        .E.=oBo+=|
[   17.110486] cloud-init[716]: |         +oo..*+=|
[[   17.110941] cloud-init[716]: |        S.o  +.=o|
[   17.111009] cloud-init[716]: |         .  . .o |
[   17.111281] cloud-init[716]: |          . .   .|
[   17.111578] cloud-init[716]: |           o ... |
[   17.111870] cloud-init[716]: |          .o+.oo |
[   17.112384] cloud-init[716]: +----[SHA256]-----+
[   17.112667] cloud-init[716]: Generating public/private ed25519 key pair.
[   17.112961] cloud-init[716]: Your identification has been saved in /etc/ssh/ssh_host_ed25519_key.
[   17.113255] cloud-init[716]: Your public key has been saved in /etc/ssh/ssh_host_ed25519_key.pub.
[0;32m  OK  [0m] Started Availability of block devices.
[   17.113297] cloud-init[716]: The key fingerprint is:
[   17.115429] cloud-init[716]: SHA256:F5SG9/ev9JJ4lPeVSkJn7aJsX9w38Nlpq5UCpfDaSyg root@ubuntu-bionic
[[   17.116191] cloud-init[716]: The key's randomart image is:
[   17.116257] cloud-init[716]: +--[ED25519 256]--+
[   17.116589] cloud-init[716]: |         ...     |
[   17.117112] cloud-init[716]: |        ..+      |
[   17.117529] cloud-init[716]: |         +.. ..  |
[0;32m  OK  [0m] Reached target Sockets.
[   17.117762] cloud-init[716]: |          oo+o.. |
[[   17.118816] cloud-init[716]: |        S o+oo.o.|
[   17.118881] cloud-init[716]: |         .+..o*oX|
[   17.119176] cloud-init[716]: |       E o.o+++&B|
[   17.119483] cloud-init[716]: |        . .+ooO.*|
[   17.120031] cloud-init[716]: |          ...+o+.|
[   17.120305] cloud-init[716]: +----[SHA256]-----+
[0;32m  OK  [0m] Reached target Basic System.
[[0;32m  OK  [0m] Reached target Login Prompts (Pre).
[[0;32m  OK  [0m] Started irqbalance daemon.
         Starting LXD - container startup/shutdown...
         Starting LSB: automatic crash report generation...
[[0;32m  OK  [0m] Started Deferred execution scheduler.
[[0;32m  OK  [0m] Started FUSE filesystem for LXC.
         Starting Snap Daemon...
[[0;32m  OK  [0m] Started Regular background program processing daemon.
         Starting Dispatcher daemon for systemd-networkd...
         Starting Login Service...
         Starting LSB: Record successful boot for GRUB...
         Starting Permit User Sessions...
         Starting Pollinate to seed the pseudo random number generator...
         Starting System Logging Service...
         Starting Virtualbox guest utils...
         Starting Accounts Service...
[[0;32m  OK  [0m] Started D-Bus System Message Bus.
[[0;32m  OK  [0m] Started System Logging Service.
[[0;32m  OK  [0m] Started LXD - container startup/shutdown.
[[0;32m  OK  [0m] Started Permit User Sessions.
[[0;32m  OK  [0m] Started Login Service.
[[0;32m  OK  [0m] Started Unattended Upgrades Shutdown.
         Starting Hold until boot process finishes up...
         Starting Terminate Plymouth Boot Screen...
[[0;32m  OK  [0m] Started Hold until boot process finishes up.
[[0;32m  OK  [0m] Started Terminate Plymouth Boot Screen.
         Starting Authorization Manager...
[[0;32m  OK  [0m] Started Serial Getty on ttyS0.
         Starting Set console scheme...
[[0;32m  OK  [0m] Started Set console scheme.
[[0;32m  OK  [0m] Created slice system-getty.slice.
[[0;32m  OK  [0m] Started Getty on tty1.
[[0;32m  OK  [0m] Reached target Login Prompts.
[[0;32m  OK  [0m] Started LSB: automatic crash report generation.
[[0;32m  OK  [0m] Started Virtualbox guest utils.
[[0;32m  OK  [0m] Started LSB: Record successful boot for GRUB.
[[0;32m  OK  [0m] Started Authorization Manager.
[[0;32m  OK  [0m] Started Accounts Service.
[[0;32m  OK  [0m] Started Dispatcher daemon for systemd-networkd.
[[0;32m  OK  [0m] Started Snap Daemon.
         Starting Wait until snapd is fully seeded...
         Starting Time & Date Service...
[[0;32m  OK  [0m] Started Time & Date Service.
[[0;32m  OK  [0m] Started Pollinate to seed the pseudo random number generator.
         Starting OpenBSD Secure Shell server...
[[0;32m  OK  [0m] Started OpenBSD Secure Shell server.
[[0;32m  OK  [0m] Created slice User Slice of vagrant.
         Starting User Manager for UID 1000...
[[0;32m  OK  [0m] Started Session 1 of user vagrant.
[[0;32m  OK  [0m] Started User Manager for UID 1000.
[[0;32m  OK  [0m] Started Wait until snapd is fully seeded.
         Starting Apply the settings specified in cloud-config...
[   22.676454] cloud-init[1515]: Cloud-init v. 23.1.2-0ubuntu0~18.04.1 running 'modules:config' at Thu, 29 Jun 2023 01:48:08 +0000. Up 22.23 seconds.

Ubuntu 18.04.6 LTS ubuntu-bionic ttyS0

ubuntu-bionic login: ci-info: no authorized SSH keys fingerprints found for user ubuntu.
<14>Jun 29 01:48:10 cloud-init: #############################################################
<14>Jun 29 01:48:10 cloud-init: -----BEGIN SSH HOST KEY FINGERPRINTS-----
<14>Jun 29 01:48:10 cloud-init: 1024 SHA256:IuMsmf1FaDuOVq77drBAvG/CjYGkLYOMMFKXAegXG4A root@ubuntu-bionic (DSA)
<14>Jun 29 01:48:10 cloud-init: 256 SHA256:cV6p/rT6t1tEm1QQ17b4ZSBRvSHwk2BkUaWPNoFak5g root@ubuntu-bionic (ECDSA)
<14>Jun 29 01:48:10 cloud-init: 256 SHA256:F5SG9/ev9JJ4lPeVSkJn7aJsX9w38Nlpq5UCpfDaSyg root@ubuntu-bionic (ED25519)
<14>Jun 29 01:48:10 cloud-init: 2048 SHA256:iy2UvrL4+eyenPGJ/OzCe5GwNGcliyvLvBimCDd+eOg root@ubuntu-bionic (RSA)
<14>Jun 29 01:48:10 cloud-init: -----END SSH HOST KEY FINGERPRINTS-----
<14>Jun 29 01:48:10 cloud-init: #############################################################
-----BEGIN SSH HOST KEY KEYS-----
ecdsa-sha2-nistp256 AAAAE2VjZHNhLXNoYTItbmlzdHAyNTYAAAAIbmlzdHAyNTYAAABBBFgQii/N6GPwAEcqY1wltqn7E7XdJK28aHR1tB2ORp32DzgIF8dxwX//fWjGDQFv/8s4RAdc4tszNgiAYEuj0ts= root@ubuntu-bionic
ssh-ed25519 AAAAC3NzaC1lZDI1NTE5AAAAIPa80Lno4GWX/NRT3fBmlaIIeNqlwTigTpX5ZVXz4FuO root@ubuntu-bionic
ssh-rsa AAAAB3NzaC1yc2EAAAADAQABAAABAQC8setzDz1WzB/44AtV13inIQBcbp/5IQO41tXAMDeR0ZxxzL/7jqJRnpPaHksuYTK8zzjapjfeD7SdYg0iyQUHC52FP+yPVP5W1dx9liTLuOUuCUS0jpQu55NirVHP8+4YX/YIzkJf1t/s5brn3Y6yVypgf7C1ubtQLYq60UfMax0HLcds59j4pU/nRiwMdcyM86DU8c6VTskdCMdUiIrXDYGPVTIu6fYyJAktjiuKWl3x7yo25cB/Igkl1I61p14FB7eGAIYtXbS0Bfrtn2P6HqfdYA72yBvN41IOuvbIUD9EuRuyJS3hozvdbNBMJPLIaE9SbZ8utZw8h0EpR6Mx root@ubuntu-bionic
-----END SSH HOST KEY KEYS-----
[   23.619731] cloud-init[1645]: Cloud-init v. 23.1.2-0ubuntu0~18.04.1 running 'modules:final' at Thu, 29 Jun 2023 01:48:09 +0000. Up 23.35 seconds.
[   23.619846] cloud-init[1645]: Cloud-init v. 23.1.2-0ubuntu0~18.04.1 finished at Thu, 29 Jun 2023 01:48:10 +0000. Datasource DataSourceNoCloud [seed=/dev/sdb][dsmode=net].  Up 23.58 seconds
